SF:lib/core/services/ab_testing_service.dart
DA:9,9
DA:10,6
DA:12,3
DA:29,3
DA:30,3
DA:33,3
DA:36,6
DA:37,6
DA:40,9
DA:46,9
DA:58,6
DA:60,3
DA:61,3
DA:66,3
DA:68,0
DA:69,0
DA:76,3
DA:78,3
DA:79,3
DA:80,3
DA:81,3
DA:82,3
DA:83,3
DA:84,3
DA:85,3
DA:88,6
DA:93,3
DA:94,3
DA:97,0
DA:103,3
DA:105,6
DA:107,1
DA:108,1
DA:115,3
DA:117,6
DA:119,1
DA:120,1
DA:127,3
DA:129,6
DA:131,1
DA:132,1
DA:139,3
DA:141,6
DA:143,2
DA:150,3
DA:152,6
DA:154,2
DA:161,3
DA:163,6
DA:165,1
DA:166,1
DA:173,3
DA:175,6
DA:177,1
DA:178,1
DA:185,3
DA:187,5
DA:188,2
DA:192,2
DA:194,2
DA:196,1
DA:201,2
DA:203,2
DA:204,2
DA:206,0
DA:208,0
DA:213,3
DA:215,3
DA:216,6
DA:218,0
DA:225,3
DA:231,6
DA:233,3
DA:234,3
DA:235,3
DA:236,1
DA:240,3
DA:241,3
DA:244,0
DA:245,0
DA:251,3
DA:258,6
DA:260,3
DA:261,3
DA:262,3
DA:263,3
DA:264,1
DA:268,3
DA:269,3
DA:272,0
DA:273,0
DA:279,2
DA:281,2
DA:284,4
DA:287,2
DA:289,2
DA:292,0
DA:299,3
DA:301,5
DA:303,2
DA:305,1
DA:310,3
DA:312,6
DA:314,2
DA:321,3
DA:323,3
DA:324,3
DA:325,3
DA:326,3
DA:327,3
DA:328,3
DA:329,3
DA:330,3
DA:333,0
DA:334,0
DA:336,0
DA:341,6
DA:344,2
DA:347,2
DA:350,2
DA:357,2
DA:358,2
DA:359,2
DA:360,1
DA:363,4
DA:368,4
DA:373,2
DA:374,2
DA:377,0
DA:383,2
DA:385,4
DA:387,2
DA:388,4
DA:393,0
DA:394,0
DA:401,2
DA:403,4
DA:405,2
DA:406,4
DA:411,0
DA:412,0
DA:419,2
DA:422,4
DA:423,2
DA:424,0
DA:426,0
DA:427,0
DA:434,2
DA:436,2
DA:437,3
DA:439,0
DA:446,2
DA:449,2
DA:450,1
DA:451,1
DA:452,0
DA:453,1
DA:454,0
DA:455,1
DA:456,0
DA:457,1
DA:458,0
DA:459,1
DA:460,0
DA:461,1
DA:462,0
DA:464,2
DA:467,0
DA:474,2
DA:476,2
DA:477,4
DA:478,2
DA:479,2
DA:480,8
DA:481,2
DA:482,4
DA:483,4
DA:486,0
DA:488,0
LF:179
LH:147
end_of_record
SF:lib/core/services/monitoring_service.dart
DA:7,12
DA:8,8
DA:10,4
DA:15,1
DA:16,1
DA:19,1
DA:23,2
DA:24,2
DA:25,2
DA:26,2
DA:29,1
DA:30,1
DA:34,0
DA:35,0
DA:42,4
DA:49,8
DA:56,2
DA:59,4
DA:60,4
DA:63,0
DA:65,0
DA:70,0
DA:76,0
DA:79,0
DA:82,0
DA:84,0
DA:85,0
DA:88,0
DA:90,0
DA:95,0
DA:103,0
DA:106,0
DA:110,0
DA:117,0
DA:120,0
DA:122,0
DA:123,0
DA:124,0
DA:125,0
DA:129,0
DA:130,0
DA:133,0
DA:135,0
DA:140,0
DA:149,0
DA:152,0
DA:156,0
DA:158,0
DA:159,0
DA:160,0
DA:161,0
DA:165,0
DA:166,0
DA:169,0
DA:171,0
DA:176,1
DA:185,2
DA:188,1
DA:189,0
DA:190,0
DA:191,0
DA:196,2
DA:197,2
DA:198,1
DA:203,1
DA:206,0
DA:212,0
DA:215,0
DA:218,0
DA:220,0
DA:224,0
DA:226,0
DA:231,0
DA:238,0
DA:239,0
DA:240,0
DA:243,0
DA:245,0
DA:246,0
DA:247,0
DA:248,0
DA:252,0
DA:253,0
DA:256,0
DA:258,0
DA:263,0
DA:271,0
DA:278,0
DA:280,0
DA:281,0
DA:282,0
DA:283,0
DA:284,0
DA:288,0
DA:289,0
DA:292,0
DA:293,0
DA:295,0
DA:300,0
DA:309,0
DA:317,0
DA:319,0
DA:320,0
DA:321,0
DA:322,0
DA:323,0
DA:324,0
DA:328,0
DA:329,0
DA:332,0
DA:334,0
DA:339,0
DA:350,0
DA:360,0
DA:362,0
DA:363,0
DA:364,0
DA:365,0
DA:366,0
DA:367,0
DA:368,0
DA:369,0
DA:373,0
DA:374,0
DA:377,0
DA:379,0
DA:384,0
DA:386,0
DA:390,0
DA:392,0
DA:396,0
DA:397,0
DA:403,2
DA:406,0
DA:407,0
DA:408,0
LF:136
LH:25
end_of_record
SF:lib/core/services/firebase_interfaces.dart
DA:4,0
DA:5,0
DA:20,0
DA:58,0
DA:69,6
DA:70,3
DA:71,6
DA:73,3
DA:78,3
DA:81,3
DA:83,6
DA:86,3
DA:89,3
DA:91,12
DA:94,2
DA:96,8
DA:99,2
DA:101,8
DA:104,2
DA:105,2
DA:107,3
DA:112,0
DA:113,0
DA:117,2
DA:118,8
DA:123,9
DA:124,6
DA:126,3
DA:128,0
DA:131,0
DA:134,2
DA:138,0
DA:142,0
DA:146,0
DA:149,0
DA:152,0
DA:159,0
DA:167,0
DA:170,0
DA:182,3
DA:198,0
DA:199,0
DA:228,3
DA:229,2
DA:231,1
DA:233,1
DA:236,0
DA:238,0
DA:241,0
DA:243,0
DA:250,0
DA:252,0
DA:255,0
DA:258,0
DA:266,0
DA:268,0
DA:271,0
DA:274,0
DA:280,0
DA:281,0
DA:297,3
DA:298,2
DA:300,1
DA:302,1
DA:305,0
DA:308,0
DA:311,1
DA:319,0
LF:68
LH:33
end_of_record
SF:lib/core/services/crashlytics_service.dart
DA:8,3
DA:9,2
DA:11,1
DA:17,1
DA:18,1
DA:21,1
DA:24,2
DA:27,2
DA:30,1
DA:32,1
DA:33,1
DA:37,0
DA:38,0
DA:45,1
DA:47,2
DA:49,0
DA:50,0
DA:51,0
DA:54,0
DA:60,1
DA:67,1
DA:68,0
DA:71,0
DA:73,0
DA:79,2
DA:83,2
DA:87,1
DA:88,1
DA:89,1
DA:90,0
DA:94,2
DA:95,2
DA:96,1
DA:100,1
DA:103,0
DA:109,0
DA:116,0
DA:117,0
DA:120,0
DA:122,0
DA:128,0
DA:132,0
DA:136,0
DA:137,0
DA:138,0
DA:139,0
DA:143,0
DA:144,0
DA:145,0
DA:149,0
DA:152,0
DA:158,0
DA:160,0
DA:161,0
DA:162,0
DA:167,0
DA:170,0
DA:172,0
DA:175,0
DA:181,0
DA:183,0
DA:184,0
DA:190,0
DA:191,0
DA:194,0
DA:196,0
DA:199,0
DA:205,0
DA:207,0
DA:208,0
DA:209,0
DA:214,0
DA:217,0
DA:219,0
DA:222,0
DA:228,0
DA:237,0
DA:238,0
DA:241,0
DA:242,0
DA:245,0
DA:246,0
DA:247,0
DA:248,0
DA:249,0
DA:250,0
DA:251,0
DA:252,0
DA:256,0
DA:262,0
DA:269,0
DA:270,0
DA:273,0
DA:274,0
DA:277,0
DA:278,0
DA:279,0
DA:280,0
DA:281,0
DA:282,0
DA:286,0
DA:292,0
DA:298,0
DA:301,0
DA:302,0
DA:305,0
DA:306,0
DA:307,0
DA:308,0
DA:309,0
DA:313,0
DA:319,0
DA:326,0
DA:327,0
DA:330,0
DA:331,0
DA:334,0
DA:335,0
DA:336,0
DA:337,0
DA:338,0
DA:339,0
DA:343,0
DA:349,0
DA:356,0
DA:357,0
DA:360,0
DA:361,0
DA:364,0
DA:365,0
DA:366,0
DA:367,0
DA:368,0
DA:369,0
DA:373,0
DA:379,0
DA:386,0
DA:387,0
DA:390,0
DA:391,0
DA:394,0
DA:395,0
DA:396,0
DA:397,0
DA:398,0
DA:399,0
DA:403,0
DA:404,0
DA:410,0
DA:413,0
LF:150
LH:24
end_of_record
SF:lib/core/services/analytics_service.dart
DA:7,18
DA:8,12
DA:10,6
DA:16,2
DA:17,2
DA:20,2
DA:24,4
DA:25,4
DA:28,4
DA:31,2
DA:33,2
DA:34,2
DA:38,0
DA:39,0
DA:46,2
DA:48,4
DA:49,4
DA:52,4
DA:54,0
DA:55,0
DA:56,0
DA:57,0
DA:61,0
DA:62,0
DA:68,6
DA:73,6
DA:74,4
DA:75,4
DA:80,2
DA:81,2
DA:84,4
DA:89,4
DA:92,0
DA:98,2
DA:103,2
DA:105,4
DA:108,4
DA:113,2
DA:114,2
DA:117,0
DA:118,0
DA:124,1
DA:129,1
DA:131,1
DA:132,1
DA:135,2
DA:137,1
DA:138,1
DA:141,0
DA:142,0
DA:148,2
DA:153,2
DA:155,2
DA:158,2
DA:163,1
DA:166,1
DA:169,0
DA:175,2
DA:180,2
DA:182,2
DA:185,2
DA:190,1
DA:193,1
DA:196,0
DA:202,0
DA:211,0
DA:213,0
DA:216,0
DA:217,0
DA:218,0
DA:227,0
DA:230,0
DA:233,0
DA:239,0
DA:246,0
DA:248,0
DA:251,0
DA:258,0
DA:261,0
DA:267,1
DA:271,1
DA:273,0
DA:276,0
DA:280,0
DA:283,0
DA:289,1
DA:294,1
DA:296,0
DA:297,0
DA:300,0
DA:305,0
DA:308,0
DA:314,1
DA:320,1
DA:322,0
DA:325,0
DA:327,0
DA:328,0
DA:329,0
DA:330,0
DA:331,0
DA:335,0
DA:338,0
DA:344,1
DA:351,1
DA:353,0
DA:356,0
DA:358,0
DA:359,0
DA:360,0
DA:361,0
DA:362,0
DA:363,0
DA:367,0
DA:370,0
DA:376,1
DA:385,1
DA:387,0
DA:390,0
DA:392,0
DA:393,0
DA:394,0
DA:395,0
DA:396,0
DA:397,0
DA:398,0
DA:399,0
DA:403,0
DA:406,0
DA:412,2
DA:419,2
DA:421,2
DA:424,1
DA:426,1
DA:427,1
DA:428,1
DA:429,0
DA:430,1
DA:431,3
DA:435,1
DA:438,0
DA:444,1
DA:450,1
DA:452,0
DA:453,0
DA:456,0
DA:458,0
DA:459,0
DA:460,0
DA:461,0
DA:462,0
DA:466,0
DA:469,0
DA:475,0
DA:478,2
LF:155
LH:72
end_of_record
SF:lib/core/services/supabase_service.dart
DA:7,6
DA:9,3
DA:14,0
DA:16,0
DA:17,0
DA:20,0
DA:21,0
DA:22,0
DA:24,0
DA:25,0
DA:30,0
DA:31,0
DA:32,0
DA:35,0
DA:36,0
DA:39,0
DA:45,2
DA:48,2
DA:51,1
DA:56,1
DA:57,1
DA:61,0
DA:67,0
DA:71,0
DA:78,1
DA:82,1
DA:83,1
DA:87,0
DA:92,0
DA:96,0
DA:103,1
DA:104,1
DA:105,1
DA:109,0
DA:110,0
DA:113,0
DA:120,1
DA:121,1
DA:122,1
DA:126,0
DA:127,0
DA:130,0
DA:137,4
DA:140,0
DA:143,0
DA:144,0
DA:147,0
DA:148,0
DA:149,0
DA:153,0
DA:154,0
DA:157,0
DA:164,0
DA:166,0
DA:167,0
DA:171,0
DA:173,0
DA:177,0
DA:179,0
DA:181,0
DA:188,0
DA:189,0
DA:190,0
DA:194,0
DA:195,0
DA:198,0
LF:66
LH:17
end_of_record
SF:lib/core/services/performance_service.dart
DA:7,3
DA:8,2
DA:10,1
DA:16,1
DA:17,1
DA:20,1
DA:23,2
DA:26,2
DA:28,1
DA:29,1
DA:33,0
DA:34,0
DA:41,0
DA:43,0
DA:44,0
DA:47,0
DA:50,0
DA:52,0
DA:54,0
DA:56,0
DA:61,0
DA:63,0
DA:64,0
DA:67,0
DA:70,0
DA:72,0
DA:74,0
DA:76,0
DA:81,0
DA:83,0
DA:84,0
DA:87,0
DA:89,0
DA:92,0
DA:94,0
DA:100,0
DA:101,0
DA:104,0
DA:105,0
DA:111,0
DA:113,0
DA:114,0
DA:117,0
DA:119,0
DA:122,0
DA:124,0
DA:131,0
DA:132,0
DA:135,0
DA:136,0
DA:142,0
DA:144,0
DA:145,0
DA:148,0
DA:150,0
DA:153,0
DA:155,0
DA:157,0
DA:161,0
DA:162,0
DA:165,0
DA:171,0
DA:174,0
DA:175,0
DA:178,0
DA:180,0
DA:183,0
DA:185,0
DA:187,0
DA:191,0
DA:192,0
DA:195,0
DA:196,0
DA:202,0
DA:204,0
DA:205,0
DA:208,0
DA:210,0
DA:213,0
DA:215,0
DA:217,0
DA:221,0
DA:222,0
DA:225,0
DA:231,0
DA:233,0
DA:234,0
DA:237,0
DA:238,0
DA:239,0
DA:240,0
DA:243,0
DA:246,0
DA:248,0
DA:249,0
DA:250,0
DA:251,0
DA:255,0
DA:258,0
DA:264,0
DA:266,0
DA:267,0
DA:270,0
DA:272,0
DA:275,0
DA:277,0
DA:278,0
DA:282,0
DA:283,0
DA:286,0
DA:292,0
DA:294,0
DA:295,0
DA:298,0
DA:300,0
DA:303,0
DA:305,0
DA:311,0
DA:312,0
DA:315,0
DA:316,0
DA:322,0
DA:325,0
DA:326,0
DA:327,0
DA:330,0
DA:336,0
DA:339,0
DA:340,0
DA:341,0
DA:344,0
DA:345,0
DA:351,0
DA:354,0
LF:134
LH:10
end_of_record
SF:lib/app.dart
DA:11,3
DA:13,0
DA:14,0
DA:20,0
DA:27,0
DA:29,0
DA:30,0
DA:31,0
DA:32,0
DA:34,0
DA:35,0
DA:37,0
DA:38,0
DA:43,0
DA:49,0
DA:50,0
DA:51,0
DA:52,0
DA:53,0
DA:55,0
DA:57,0
DA:58,0
DA:62,0
DA:63,0
DA:64,0
DA:65,0
DA:66,0
DA:68,0
DA:69,0
DA:75,0
DA:76,0
DA:77,0
DA:79,0
DA:98,0
DA:100,0
DA:102,0
DA:104,0
DA:105,0
DA:106,0
DA:107,0
DA:117,0
DA:118,0
DA:126,0
DA:128,0
DA:129,0
DA:130,0
DA:131,0
DA:132,0
DA:145,0
DA:146,0
DA:148,0
DA:149,0
DA:150,0
DA:151,0
DA:152,0
DA:153,0
DA:154,0
DA:156,0
DA:157,0
DA:158,0
DA:159,0
DA:160,0
DA:161,0
DA:162,0
LF:64
LH:1
end_of_record
SF:lib/features/dashboard/presentation/screens/dashboard_screen.dart
DA:46,3
DA:48,0
DA:49,0
DA:66,0
DA:68,0
DA:70,0
DA:71,0
DA:80,0
DA:83,0
DA:84,0
DA:85,0
DA:87,0
DA:89,0
DA:93,0
DA:113,0
DA:114,0
DA:117,0
DA:118,0
DA:119,0
DA:120,0
DA:124,0
DA:126,0
DA:127,0
DA:134,0
DA:135,0
DA:137,0
DA:138,0
DA:139,0
DA:140,0
DA:144,0
DA:146,0
DA:147,0
DA:151,0
DA:152,0
DA:153,0
DA:157,0
DA:159,0
DA:160,0
DA:180,0
DA:181,0
DA:182,0
DA:184,0
DA:185,0
DA:186,0
DA:187,0
DA:191,0
DA:193,0
DA:195,0
DA:201,0
DA:207,0
DA:209,0
DA:210,0
DA:211,0
DA:212,0
DA:213,0
DA:214,0
DA:215,0
DA:216,0
DA:218,0
DA:219,0
DA:220,0
DA:222,0
DA:223,0
DA:224,0
DA:226,0
DA:228,0
DA:229,0
DA:231,0
DA:232,0
DA:235,0
DA:236,0
DA:237,0
DA:238,0
DA:239,0
DA:241,0
DA:245,0
DA:247,0
DA:248,0
DA:252,0
DA:253,0
DA:258,0
DA:261,0
DA:262,0
DA:271,0
DA:272,0
DA:273,0
DA:274,0
DA:287,0
DA:288,0
DA:289,0
DA:290,0
DA:299,0
DA:300,0
DA:301,0
DA:302,0
DA:309,0
DA:310,0
DA:311,0
DA:312,0
DA:319,0
DA:320,0
DA:321,0
DA:322,0
DA:334,0
DA:335,0
DA:336,0
DA:337,0
DA:339,0
DA:341,0
DA:342,0
DA:343,0
DA:344,0
DA:345,0
DA:346,0
DA:347,0
DA:348,0
DA:350,0
DA:352,0
DA:356,0
DA:357,0
DA:358,0
DA:360,0
DA:361,0
DA:362,0
DA:364,0
DA:365,0
DA:366,0
DA:367,0
DA:371,0
DA:373,0
DA:375,0
DA:376,0
DA:386,0
DA:388,0
DA:390,0
DA:391,0
DA:409,0
DA:410,0
DA:411,0
DA:412,0
DA:414,0
DA:416,0
DA:417,0
DA:420,0
DA:421,0
DA:422,0
DA:423,0
DA:427,0
DA:430,0
DA:431,0
DA:432,0
DA:433,0
DA:434,0
DA:436,0
DA:439,0
DA:440,0
DA:441,0
DA:442,0
DA:443,0
DA:459,0
DA:460,0
DA:461,0
DA:463,0
DA:465,0
DA:480,0
DA:482,0
DA:484,0
DA:486,0
DA:493,0
DA:494,0
DA:495,0
DA:497,0
DA:499,0
DA:506,0
DA:507,0
DA:508,0
DA:509,0
DA:510,0
DA:511,0
DA:512,0
DA:513,0
DA:515,0
DA:519,0
DA:520,0
DA:521,0
DA:523,0
DA:525,0
DA:540,0
DA:541,0
DA:542,0
DA:544,0
DA:546,0
DA:561,0
DA:562,0
DA:563,0
DA:565,0
DA:567,0
DA:582,0
DA:583,0
DA:584,0
DA:585,0
DA:586,0
DA:587,0
DA:588,0
DA:589,0
DA:591,0
DA:603,0
DA:604,0
DA:605,0
DA:607,0
DA:609,0
DA:629,0
DA:635,0
DA:636,0
DA:637,0
DA:638,0
DA:640,0
DA:641,0
DA:642,0
DA:644,0
DA:645,0
DA:646,0
DA:647,0
DA:648,0
DA:649,0
DA:650,0
DA:651,0
DA:653,0
DA:659,0
DA:660,0
DA:661,0
DA:664,0
DA:665,0
DA:666,0
DA:667,0
DA:674,0
DA:675,0
DA:702,0
DA:703,0
DA:704,0
DA:705,0
DA:707,0
DA:709,0
DA:711,0
DA:712,0
DA:713,0
DA:714,0
DA:715,0
DA:716,0
DA:717,0
DA:718,0
DA:719,0
DA:720,0
DA:721,0
DA:722,0
DA:723,0
DA:724,0
DA:729,0
DA:730,0
DA:735,0
DA:736,0
DA:743,0
DA:745,0
DA:746,0
DA:748,0
DA:749,0
DA:751,0
DA:759,0
DA:769,0
DA:775,0
DA:777,0
DA:778,0
DA:781,0
DA:787,0
DA:789,0
DA:790,0
DA:793,0
DA:799,0
DA:801,0
DA:802,0
DA:807,0
DA:809,0
DA:810,0
DA:813,0
DA:814,0
DA:819,0
DA:821,0
DA:822,0
DA:827,0
DA:828,0
DA:832,0
DA:835,0
DA:839,0
DA:842,0
DA:846,0
DA:849,0
DA:853,0
DA:856,0
DA:860,0
DA:876,0
DA:877,0
DA:878,0
DA:881,0
DA:882,0
DA:883,0
DA:884,0
DA:886,0
DA:888,0
DA:889,0
DA:890,0
DA:891,0
DA:893,0
DA:894,0
DA:895,0
DA:896,0
DA:897,0
DA:898,0
DA:899,0
DA:900,0
DA:901,0
DA:902,0
DA:904,0
DA:905,0
DA:906,0
DA:907,0
DA:908,0
DA:910,0
DA:911,0
DA:912,0
DA:913,0
DA:918,0
DA:920,0
DA:921,0
DA:923,0
DA:937,0
DA:944,0
DA:946,0
DA:951,0
DA:952,0
DA:953,0
DA:958,0
DA:959,0
DA:960,0
DA:962,0
DA:965,0
DA:969,0
DA:971,0
LF:347
LH:1
end_of_record
SF:lib/features/analytics/presentation/mixins/analytics_mixin.dart
DA:7,0
DA:8,0
DA:10,0
DA:15,0
DA:16,0
DA:23,0
DA:29,0
DA:31,0
DA:32,0
DA:33,0
DA:34,0
DA:35,0
DA:36,0
DA:37,0
DA:43,0
DA:48,0
DA:50,0
DA:51,0
DA:52,0
DA:53,0
DA:54,0
DA:60,0
DA:65,0
DA:68,0
DA:74,0
DA:79,0
DA:87,0
DA:92,0
DA:100,0
DA:106,0
DA:115,0
DA:123,0
DA:134,0
DA:135,0
DA:139,0
DA:143,0
DA:150,0
DA:151,0
DA:153,0
DA:158,0
DA:159,0
DA:161,0
DA:166,0
DA:167,0
DA:176,0
DA:177,0
DA:179,0
DA:186,0
DA:187,0
DA:191,0
DA:199,0
DA:200,0
DA:204,0
DA:211,0
DA:212,0
LF:55
LH:0
end_of_record
SF:lib/features/calendar/presentation/screens/calendar_screen.dart
DA:9,3
DA:11,1
DA:12,1
DA:22,1
DA:24,1
DA:25,1
DA:28,1
DA:29,2
DA:30,1
DA:31,1
DA:34,1
DA:35,2
DA:36,1
DA:37,1
DA:40,0
DA:41,0
DA:42,0
DA:47,1
DA:48,1
DA:49,2
DA:50,5
DA:51,5
DA:52,4
DA:53,1
DA:56,1
DA:57,1
DA:58,2
DA:59,5
DA:60,5
DA:61,6
DA:67,1
DA:83,1
DA:86,0
DA:97,0
DA:100,0
DA:101,0
DA:102,0
DA:103,0
DA:104,0
DA:107,0
DA:108,0
DA:109,0
DA:114,0
DA:119,0
DA:121,0
DA:123,0
DA:124,0
DA:126,0
DA:134,0
DA:135,0
DA:141,0
DA:142,0
DA:144,0
DA:145,0
DA:146,0
DA:147,0
DA:148,0
DA:149,0
DA:150,0
DA:154,0
DA:158,0
DA:160,0
DA:161,0
DA:162,0
DA:164,0
DA:177,0
DA:178,0
DA:179,0
DA:181,0
DA:182,0
DA:187,0
DA:192,0
DA:194,0
DA:196,0
DA:197,0
DA:199,0
DA:207,0
DA:208,0
DA:214,0
DA:215,0
DA:217,0
DA:218,0
DA:219,0
DA:220,0
DA:221,0
DA:222,0
DA:226,0
DA:230,0
DA:232,0
DA:233,0
DA:234,0
DA:236,0
DA:239,0
DA:249,1
DA:251,1
DA:252,1
DA:253,1
DA:254,1
DA:256,1
DA:257,2
DA:258,0
DA:259,0
DA:261,0
DA:262,0
DA:266,1
DA:268,1
DA:269,1
DA:274,1
DA:275,1
DA:276,2
DA:277,0
DA:281,1
DA:282,1
DA:284,1
DA:285,0
DA:286,0
DA:287,0
DA:288,1
DA:290,1
DA:292,1
DA:295,1
DA:296,1
DA:297,1
DA:298,1
DA:301,1
DA:302,4
DA:303,1
DA:304,1
DA:308,1
DA:309,1
DA:312,1
DA:313,2
DA:314,2
DA:315,1
DA:316,1
DA:320,1
DA:321,1
DA:324,1
DA:325,4
DA:326,1
DA:327,1
DA:334,1
DA:335,1
DA:337,1
DA:339,1
DA:340,1
DA:341,1
DA:344,1
DA:345,1
DA:346,1
DA:347,2
DA:349,1
DA:352,1
DA:353,1
DA:354,1
DA:355,3
DA:356,1
DA:359,1
DA:364,1
DA:365,1
DA:374,1
DA:376,1
DA:377,1
DA:378,1
DA:381,1
DA:382,1
DA:383,1
DA:384,2
DA:386,1
DA:389,1
DA:390,1
DA:391,3
DA:392,1
DA:395,1
DA:398,1
DA:399,1
DA:408,1
DA:409,1
DA:410,1
DA:411,1
DA:413,1
DA:414,1
DA:415,1
DA:416,0
DA:426,1
DA:428,1
DA:429,1
DA:430,1
DA:432,1
DA:436,1
DA:438,1
DA:442,1
DA:444,1
DA:452,1
DA:453,1
DA:454,1
DA:455,0
DA:456,1
DA:460,1
DA:462,1
DA:465,1
DA:469,2
DA:470,1
DA:472,2
DA:473,2
DA:475,0
DA:476,0
DA:477,0
DA:478,0
DA:480,0
DA:481,0
DA:482,0
DA:483,0
DA:484,0
DA:487,1
DA:489,1
DA:490,1
DA:491,1
DA:492,1
DA:494,1
DA:495,1
DA:499,1
DA:500,1
DA:502,1
DA:504,1
DA:505,1
DA:507,1
DA:508,1
DA:509,1
DA:510,1
DA:511,1
DA:512,1
DA:513,1
DA:514,1
DA:518,1
DA:519,1
DA:521,1
DA:522,1
DA:524,1
DA:525,1
DA:526,1
DA:527,1
DA:529,1
DA:530,1
DA:532,1
DA:533,1
DA:534,1
DA:540,1
DA:555,1
DA:562,1
DA:564,1
DA:566,1
DA:567,1
DA:568,1
DA:569,1
DA:570,1
DA:571,2
DA:577,1
DA:578,1
DA:579,1
DA:581,1
DA:582,2
DA:583,1
DA:585,3
DA:588,1
DA:589,2
DA:590,1
DA:593,1
DA:597,1
DA:598,1
DA:600,1
DA:602,1
DA:617,1
DA:623,1
DA:625,1
DA:627,1
DA:628,2
DA:629,1
DA:631,1
DA:633,1
DA:634,1
DA:635,1
DA:636,1
DA:640,1
DA:641,1
DA:642,1
DA:643,1
DA:644,1
DA:663,1
DA:670,1
DA:672,1
DA:674,1
DA:675,1
DA:676,1
DA:677,1
DA:678,1
DA:679,2
DA:685,1
DA:686,1
DA:687,1
DA:689,1
DA:690,3
DA:692,1
DA:694,1
DA:697,1
DA:702,1
DA:705,1
DA:707,2
DA:709,1
DA:711,1
DA:713,1
DA:716,5
DA:717,1
DA:718,5
DA:719,1
DA:722,1
DA:725,5
DA:727,2
DA:732,3
DA:733,2
DA:735,1
DA:736,0
DA:737,1
DA:740,1
DA:742,2
DA:744,1
DA:746,2
DA:749,1
DA:751,1
DA:752,1
DA:753,1
DA:754,1
DA:760,1
DA:761,1
DA:765,1
DA:767,1
DA:770,1
DA:771,1
DA:772,1
DA:800,0
DA:810,0
DA:812,0
DA:814,0
DA:815,0
DA:816,0
DA:817,0
DA:818,0
DA:819,0
DA:825,0
DA:827,0
DA:828,0
DA:830,0
DA:831,0
DA:832,0
DA:834,0
DA:835,0
DA:836,0
DA:837,0
DA:844,0
DA:845,0
DA:846,0
DA:849,0
DA:853,0
DA:855,0
DA:857,0
DA:859,0
DA:861,0
DA:862,0
DA:863,0
DA:864,0
DA:866,0
DA:867,0
DA:868,0
DA:870,0
DA:876,0
DA:878,0
DA:879,0
DA:880,0
DA:881,0
DA:882,0
DA:883,0
DA:886,0
DA:887,0
DA:893,0
DA:894,0
DA:895,0
DA:896,0
DA:897,0
DA:900,0
DA:901,0
DA:918,0
DA:923,0
DA:925,0
DA:926,0
DA:927,0
DA:928,0
DA:930,0
DA:933,0
DA:934,0
DA:935,0
DA:936,0
DA:938,0
DA:950,1
DA:952,1
DA:954,1
DA:955,0
DA:956,1
DA:957,1
DA:962,1
DA:963,1
DA:975,1
DA:980,1
DA:982,1
DA:983,0
DA:984,2
DA:985,1
LF:416
LH:267
end_of_record
SF:lib/features/notifications/presentation/screens/notifications_screen.dart
DA:7,3
DA:9,2
DA:11,2
DA:12,2
DA:13,2
DA:14,2
DA:16,2
DA:17,4
DA:18,0
DA:19,0
DA:21,0
DA:22,0
DA:26,2
DA:28,2
DA:29,2
DA:34,2
DA:35,2
DA:37,2
DA:39,2
DA:40,2
DA:42,8
DA:44,2
DA:48,2
DA:49,2
DA:50,2
DA:51,2
DA:58,2
DA:65,2
DA:72,2
DA:89,2
DA:96,2
DA:98,2
DA:99,2
DA:100,2
DA:101,2
DA:102,2
DA:104,2
DA:106,2
DA:108,2
DA:111,2
DA:113,2
DA:114,2
DA:116,2
DA:117,2
DA:121,2
DA:123,2
DA:124,2
DA:130,2
DA:131,2
DA:133,2
DA:135,0
LF:51
LH:46
end_of_record
SF:lib/features/meal_plan/presentation/screens/meal_plan_screen.dart
DA:10,3
DA:12,3
DA:13,3
DA:19,0
DA:20,0
DA:21,0
DA:25,3
DA:27,3
DA:28,3
DA:29,3
DA:30,3
DA:32,3
DA:33,6
DA:34,0
DA:35,0
DA:37,0
DA:38,0
DA:42,3
DA:44,6
DA:48,3
DA:49,3
DA:50,3
DA:51,3
DA:52,3
DA:53,3
DA:54,3
DA:55,9
LF:27
LH:20
end_of_record
SF:lib/shared/theme/app_styles.dart
DA:24,0
DA:25,0
DA:26,0
DA:32,0
DA:33,0
DA:34,0
DA:144,0
DA:148,0
DA:149,0
DA:158,0
DA:161,0
DA:162,0
DA:172,0
DA:174,0
DA:175,0
DA:178,0
DA:180,0
DA:181,0
DA:185,0
DA:188,0
DA:189,0
DA:192,0
DA:193,0
DA:196,0
DA:197,0
DA:200,0
DA:201,0
DA:211,0
LF:28
LH:0
end_of_record
SF:lib/shared/theme/theme_manager.dart
DA:9,21
DA:10,14
DA:11,7
DA:13,7
DA:23,0
DA:26,7
DA:28,7
DA:29,7
DA:32,7
DA:36,7
DA:38,7
DA:39,0
DA:40,0
DA:42,0
DA:43,0
DA:44,0
DA:45,0
DA:53,0
DA:55,0
DA:58,0
DA:59,0
DA:62,0
DA:65,0
DA:69,0
DA:71,0
DA:74,0
DA:77,0
DA:80,0
DA:84,0
DA:86,0
DA:87,0
DA:94,0
DA:95,0
DA:98,0
DA:99,0
DA:101,0
DA:103,0
DA:105,0
DA:106,0
DA:107,0
DA:108,0
DA:109,0
DA:110,0
DA:111,0
DA:112,0
DA:115,0
DA:119,0
DA:120,0
DA:121,0
DA:122,0
DA:125,0
DA:126,0
DA:127,0
DA:128,0
DA:130,0
DA:131,0
DA:133,0
DA:134,0
DA:135,0
DA:138,0
DA:139,0
DA:140,0
DA:141,0
DA:142,0
DA:144,0
DA:148,0
DA:150,0
DA:151,0
DA:152,0
DA:153,0
DA:154,0
DA:155,0
DA:157,0
DA:158,0
DA:159,0
DA:161,0
DA:162,0
DA:163,0
DA:165,0
DA:166,0
DA:167,0
DA:170,0
DA:171,0
DA:176,21
DA:179,0
DA:182,0
LF:86
LH:11
end_of_record
SF:lib/config/supabase_config.dart
DA:7,4
DA:9,8
DA:15,4
DA:17,8
DA:25,5
DA:27,10
DA:28,0
DA:30,0
DA:31,0
DA:32,0
DA:38,0
DA:39,0
DA:43,10
LF:13
LH:7
end_of_record
SF:lib/core/services/firebase_analytics_impl.dart
DA:6,6
DA:7,4
DA:9,2
DA:14,2
DA:16,2
DA:19,2
DA:22,2
DA:25,2
DA:34,4
DA:37,2
DA:46,2
DA:49,2
DA:55,2
DA:58,1
DA:61,1
DA:64,1
DA:67,1
DA:70,0
DA:89,0
DA:92,0
DA:113,0
DA:116,0
DA:127,0
DA:130,0
DA:141,0
DA:144,0
DA:153,0
DA:156,0
DA:159,0
DA:162,0
DA:165,0
DA:168,0
DA:171,0
DA:174,0
DA:177,0
DA:180,0
DA:193,0
DA:196,0
DA:205,0
DA:208,0
DA:218,0
DA:221,0
DA:235,0
DA:238,0
DA:255,0
DA:258,0
DA:279,0
DA:282,0
DA:299,0
DA:302,0
DA:317,0
DA:320,0
DA:335,0
DA:338,0
DA:355,0
LF:55
LH:17
end_of_record
SF:lib/features/analytics/presentation/screens/analytics_screen.dart
DA:7,3
DA:9,0
DA:10,0
DA:23,0
DA:25,0
DA:26,0
DA:27,0
DA:28,0
DA:30,0
DA:31,0
DA:33,0
DA:35,0
DA:37,0
DA:39,0
DA:40,0
DA:44,0
DA:45,0
DA:46,0
DA:48,0
DA:50,0
DA:56,0
DA:58,0
DA:60,0
DA:62,0
DA:66,0
DA:70,0
DA:74,0
DA:81,0
DA:82,0
DA:84,0
DA:85,0
DA:87,0
DA:88,0
DA:94,0
DA:96,0
DA:97,0
DA:98,0
DA:100,0
DA:102,0
DA:103,0
DA:104,0
DA:105,0
DA:106,0
DA:107,0
DA:110,0
DA:113,0
DA:115,0
DA:117,0
DA:119,0
DA:120,0
DA:121,0
DA:128,0
DA:130,0
DA:132,0
DA:133,0
DA:141,0
DA:148,0
DA:149,0
DA:151,0
DA:152,0
DA:154,0
DA:155,0
DA:162,0
DA:167,0
DA:172,0
DA:177,0
DA:182,0
DA:187,0
DA:192,0
DA:197,0
DA:205,0
DA:214,0
DA:215,0
DA:216,0
DA:218,0
DA:219,0
DA:220,0
DA:221,0
DA:225,0
DA:226,0
DA:228,0
DA:230,0
DA:231,0
DA:232,0
DA:234,0
DA:242,0
DA:243,0
DA:245,0
DA:246,0
DA:248,0
DA:249,0
DA:255,0
DA:257,0
DA:258,0
DA:261,0
DA:262,0
DA:268,0
DA:270,0
DA:273,0
DA:274,0
DA:286,0
DA:288,0
DA:290,0
DA:291,0
DA:292,0
DA:293,0
DA:295,0
DA:296,0
DA:300,0
DA:302,0
DA:303,0
DA:307,0
DA:308,0
DA:311,0
DA:313,0
DA:315,0
DA:316,0
DA:330,0
DA:331,0
DA:333,0
DA:334,0
DA:336,0
DA:337,0
DA:343,0
DA:347,0
DA:348,0
DA:350,0
DA:351,0
DA:352,0
DA:354,0
DA:355,0
DA:357,0
DA:358,0
DA:365,0
DA:369,0
DA:370,0
DA:372,0
DA:373,0
DA:374,0
DA:376,0
DA:377,0
DA:379,0
DA:380,0
DA:390,0
DA:397,0
DA:398,0
DA:399,0
DA:400,0
DA:401,0
DA:402,0
DA:403,0
DA:407,0
DA:409,0
DA:411,0
DA:413,0
DA:414,0
DA:420,0
DA:421,0
DA:422,0
DA:424,0
DA:425,0
DA:426,0
DA:428,0
DA:435,0
DA:436,0
DA:438,0
DA:439,0
DA:442,0
DA:443,0
DA:449,0
DA:452,0
DA:453,0
DA:464,0
DA:474,0
DA:475,0
DA:477,0
DA:478,0
DA:480,0
DA:481,0
DA:487,0
DA:492,0
DA:495,0
DA:500,0
DA:503,0
DA:508,0
DA:514,0
DA:521,0
DA:522,0
DA:523,0
DA:525,0
DA:526,0
DA:527,0
DA:528,0
DA:532,0
DA:533,0
DA:535,0
DA:537,0
DA:538,0
DA:539,0
DA:541,0
DA:549,0
DA:550,0
DA:552,0
DA:553,0
DA:555,0
DA:556,0
DA:562,0
DA:564,0
DA:565,0
DA:571,0
DA:573,0
DA:574,0
DA:582,0
DA:584,0
LF:214
LH:1
end_of_record
SF:lib/shared/theme/app_colors.dart
DA:40,0
DA:41,0
DA:42,0
DA:43,0
DA:44,6
DA:45,6
DA:46,6
DA:47,0
DA:48,6
DA:50,2
DA:51,2
DA:52,2
DA:53,2
DA:54,3
DA:55,3
DA:56,4
DA:60,6
DA:61,6
DA:62,6
DA:63,6
DA:64,2
DA:65,2
DA:67,8
DA:68,0
DA:69,0
DA:71,3
DA:72,3
DA:73,0
DA:74,0
DA:75,0
DA:76,0
DA:77,4
DA:80,0
DA:81,0
DA:82,0
DA:83,0
DA:84,0
DA:85,0
DA:86,0
DA:87,0
DA:88,0
DA:89,0
DA:92,0
DA:93,0
DA:94,0
DA:95,0
DA:96,0
DA:97,0
DA:98,0
DA:99,0
DA:100,0
DA:101,0
DA:102,0
DA:103,0
DA:106,6
DA:108,12
LF:56
LH:23
end_of_record
SF:lib/shared/design/components/cards/nutry_card.dart
DA:61,2
DA:84,0
DA:106,0
DA:128,0
DA:150,0
DA:172,0
DA:193,2
DA:195,2
DA:196,2
DA:197,2
DA:198,6
DA:199,2
DA:200,4
DA:201,2
DA:202,2
DA:204,2
DA:205,0
DA:206,0
DA:207,0
DA:210,4
DA:212,2
DA:214,2
DA:215,2
DA:216,2
DA:217,2
DA:219,2
DA:221,6
DA:222,2
DA:229,2
DA:230,2
DA:231,0
DA:234,2
DA:235,0
DA:238,2
DA:241,2
DA:242,4
DA:243,2
DA:248,0
DA:249,0
DA:250,0
DA:251,0
DA:252,0
DA:253,0
DA:254,0
DA:255,0
DA:256,0
DA:257,0
DA:259,0
DA:261,0
DA:262,0
DA:264,0
DA:265,0
DA:266,0
DA:267,0
DA:268,0
DA:269,0
DA:270,0
DA:273,0
DA:274,0
DA:275,0
DA:276,0
DA:277,0
DA:278,0
DA:290,0
DA:291,0
DA:292,0
DA:293,0
DA:295,0
DA:296,0
DA:297,0
DA:300,0
DA:301,0
DA:303,0
DA:304,0
DA:305,0
DA:308,0
DA:309,0
DA:311,0
DA:312,0
DA:313,0
DA:320,0
DA:321,0
DA:322,0
DA:323,0
DA:326,0
DA:328,0
DA:329,0
DA:331,0
DA:332,0
DA:362,0
DA:381,0
DA:403,0
DA:425,0
DA:446,0
DA:448,0
DA:449,0
DA:450,0
DA:451,0
DA:452,0
DA:453,0
DA:454,0
DA:455,0
DA:456,0
DA:457,0
DA:463,0
DA:465,0
DA:466,0
DA:467,0
DA:468,0
DA:470,0
DA:471,0
DA:478,0
DA:479,0
DA:480,0
DA:483,0
DA:484,0
DA:487,0
DA:490,0
DA:491,0
DA:492,0
DA:497,0
DA:498,0
DA:499,0
DA:500,0
DA:501,0
DA:502,0
DA:503,0
DA:504,0
DA:505,0
DA:506,0
DA:508,0
DA:510,0
DA:511,0
DA:513,0
DA:514,0
DA:515,0
DA:516,0
DA:517,0
DA:518,0
DA:519,0
DA:522,0
DA:523,0
DA:524,0
DA:525,0
DA:526,0
DA:528,0
DA:540,0
DA:541,0
DA:542,0
DA:543,0
DA:545,0
DA:546,0
DA:547,0
DA:550,0
DA:551,0
DA:553,0
DA:554,0
DA:555,0
DA:558,0
DA:559,0
DA:562,0
DA:563,0
DA:564,0
DA:571,0
DA:572,0
DA:574,0
DA:575,0
DA:577,0
DA:578,0
DA:580,0
DA:581,0
DA:583,0
DA:584,0
DA:587,0
DA:588,0
DA:590,0
DA:591,0
LF:177
LH:27
end_of_record
SF:lib/shared/design/tokens/design_tokens.dart
DA:7,0
DA:30,3
DA:33,1
DA:34,0
DA:35,0
DA:38,1
DA:39,0
DA:40,0
DA:43,1
DA:44,0
DA:45,0
DA:48,0
DA:49,0
DA:50,0
DA:51,0
DA:52,0
DA:55,1
DA:56,1
DA:57,0
DA:58,0
DA:59,0
DA:62,1
DA:63,0
DA:64,1
DA:65,0
DA:66,0
DA:69,1
DA:70,1
DA:71,1
DA:72,1
DA:75,1
DA:76,1
DA:77,0
DA:78,0
DA:81,0
DA:84,0
DA:85,0
DA:86,0
DA:87,0
DA:88,0
DA:91,0
DA:97,0
DA:103,0
DA:112,3
DA:115,3
DA:118,0
DA:119,0
DA:120,0
DA:122,1
DA:123,1
DA:124,0
DA:126,3
DA:127,3
DA:128,0
DA:130,3
DA:131,3
DA:132,1
DA:134,0
DA:135,0
DA:136,0
DA:139,0
DA:140,3
DA:141,0
DA:144,0
DA:145,0
DA:146,0
DA:149,0
DA:150,3
DA:151,3
DA:152,3
DA:153,0
DA:156,0
DA:157,0
DA:158,0
DA:159,0
DA:160,0
DA:163,0
DA:164,0
DA:165,0
DA:166,0
DA:167,0
DA:170,0
DA:171,0
DA:172,0
DA:173,0
DA:174,0
DA:177,2
DA:178,1
DA:179,1
DA:180,1
DA:181,1
DA:184,2
DA:185,1
DA:186,1
DA:187,1
DA:188,1
DA:191,0
DA:192,0
DA:193,0
DA:194,0
DA:195,0
DA:198,6
DA:199,3
DA:200,3
DA:201,3
DA:202,3
DA:205,6
DA:206,3
DA:207,3
DA:208,3
DA:209,3
DA:212,0
DA:213,0
DA:214,0
DA:215,0
DA:216,0
DA:219,6
DA:220,3
DA:221,3
DA:222,3
DA:223,3
DA:226,6
DA:227,3
DA:228,3
DA:229,3
DA:230,3
DA:233,2
DA:234,1
DA:235,1
DA:236,1
DA:237,1
DA:240,0
DA:241,0
DA:242,0
DA:243,0
DA:244,0
DA:245,0
DA:248,0
DA:249,0
DA:250,0
DA:251,0
DA:252,0
DA:253,0
DA:256,0
DA:257,0
DA:258,0
DA:259,0
DA:260,0
DA:261,0
DA:267,3
DA:270,1
DA:271,1
DA:272,3
DA:273,1
DA:274,1
DA:275,1
DA:276,0
DA:279,0
DA:280,0
DA:281,0
DA:283,0
DA:284,0
DA:285,0
DA:287,2
DA:288,0
DA:289,0
DA:292,0
DA:293,0
DA:294,0
DA:295,0
DA:298,0
DA:299,0
DA:300,0
DA:301,0
DA:306,3
DA:308,0
DA:310,0
DA:311,0
DA:312,0
DA:318,0
DA:319,0
DA:320,0
DA:326,4
DA:327,2
DA:328,2
DA:334,0
DA:335,0
DA:336,0
DA:342,0
DA:343,0
DA:344,0
DA:353,3
DA:356,0
DA:357,0
DA:358,0
DA:359,0
DA:362,0
DA:363,0
DA:364,0
DA:365,0
DA:366,0
DA:367,0
DA:368,0
DA:373,3
DA:376,0
DA:377,1
DA:378,1
DA:379,1
DA:380,1
DA:381,1
DA:382,0
DA:383,0
DA:386,0
DA:387,0
DA:388,0
DA:391,0
DA:392,0
DA:393,0
DA:394,0
DA:399,0
DA:400,0
DA:401,0
DA:402,0
DA:403,0
DA:404,0
LF:225
LH:81
end_of_record
SF:lib/features/analytics/presentation/utils/analytics_utils.dart
DA:56,1
DA:57,2
DA:59,1
DA:60,1
DA:61,3
DA:62,1
DA:68,1
DA:74,2
DA:76,1
DA:77,1
DA:78,1
DA:79,0
DA:80,3
DA:81,1
DA:87,1
DA:93,2
DA:102,1
DA:108,2
DA:116,2
DA:118,1
DA:119,1
DA:120,1
DA:121,1
DA:122,3
DA:123,1
DA:130,1
DA:136,2
DA:144,0
DA:146,0
DA:147,0
DA:148,0
DA:149,0
DA:150,0
DA:151,0
DA:158,1
DA:165,2
DA:174,0
DA:176,0
DA:177,0
DA:178,0
DA:179,0
DA:180,0
DA:181,0
DA:182,0
DA:189,1
DA:198,2
DA:209,0
DA:211,0
DA:212,0
DA:213,0
DA:214,0
DA:215,0
DA:216,0
DA:217,0
DA:218,0
DA:219,0
DA:226,1
DA:227,2
DA:231,0
DA:233,0
DA:234,0
DA:235,0
DA:236,0
DA:243,1
DA:248,2
DA:255,0
DA:257,0
DA:258,0
DA:259,0
DA:260,0
DA:261,0
DA:268,1
DA:273,2
DA:277,0
DA:279,0
DA:280,0
DA:281,0
DA:282,0
DA:283,0
DA:290,1
DA:295,2
DA:299,0
DA:301,0
DA:302,0
DA:303,0
DA:304,0
DA:305,0
DA:312,1
DA:318,2
DA:320,1
DA:321,1
DA:322,1
DA:323,1
DA:324,3
DA:325,0
DA:331,1
DA:332,1
DA:334,2
DA:336,1
DA:343,0
DA:344,0
DA:346,0
DA:348,0
DA:355,0
DA:356,0
DA:364,0
DA:365,0
LF:107
LH:49
end_of_record
SF:lib/features/calendar/data/services/calendar_service.dart
DA:4,1
DA:5,1
DA:6,1
DA:11,2
DA:14,1
DA:15,1
LF:6
LH:6
end_of_record
SF:lib/features/calendar/domain/entities/calendar_event.dart
DA:19,1
DA:38,0
DA:52,0
DA:53,0
DA:54,0
DA:55,0
DA:56,0
DA:57,0
DA:58,0
DA:59,0
DA:60,0
DA:61,0
DA:62,0
DA:63,0
DA:64,0
DA:65,0
DA:66,0
DA:67,0
DA:68,0
DA:72,0
DA:73,0
DA:74,0
DA:75,0
DA:76,0
DA:77,0
DA:78,0
DA:79,0
DA:80,0
DA:81,0
DA:83,0
DA:84,0
DA:85,0
DA:86,0
DA:87,0
DA:88,0
DA:89,0
DA:90,0
DA:91,0
DA:95,0
DA:96,0
DA:97,0
DA:98,0
DA:99,0
DA:100,0
DA:101,0
DA:102,0
DA:103,0
DA:104,0
DA:105,0
DA:106,0
DA:107,0
DA:108,0
DA:109,0
DA:110,0
DA:111,0
DA:112,0
DA:117,0
DA:118,0
DA:119,0
DA:120,0
DA:121,0
DA:125,0
DA:126,0
DA:130,0
DA:131,0
DA:132,0
DA:136,0
DA:137,0
DA:138,0
LF:69
LH:1
end_of_record
SF:lib/shared/design/tokens/theme_tokens.dart
DA:7,0
DA:16,14
DA:19,1
DA:21,2
DA:25,9
DA:26,18
DA:31,3
DA:107,3
DA:109,9
DA:112,9
DA:115,6
DA:118,0
DA:121,3
DA:124,9
DA:127,6
DA:130,3
DA:133,4
DA:136,0
DA:139,9
DA:142,6
DA:145,2
DA:148,0
DA:151,3
DA:154,1
DA:157,0
DA:160,0
DA:163,5
DA:166,0
DA:169,0
DA:172,0
DA:175,7
DA:178,1
DA:181,0
DA:184,0
DA:187,5
DA:190,1
DA:193,0
DA:196,0
DA:199,5
DA:202,0
DA:205,0
DA:208,0
DA:211,1
DA:214,0
DA:217,0
DA:220,0
DA:223,3
DA:226,2
DA:229,2
DA:232,0
DA:235,2
DA:238,5
DA:241,2
DA:244,0
DA:251,0
DA:258,0
DA:265,0
DA:272,0
DA:282,3
DA:284,3
DA:288,3
DA:291,0
DA:295,2
DA:299,3
DA:303,3
DA:306,2
DA:309,0
DA:313,2
DA:316,0
DA:319,3
DA:322,3
DA:325,0
DA:329,0
DA:333,3
DA:336,3
DA:339,0
DA:343,0
DA:347,0
DA:350,0
DA:353,0
DA:357,0
DA:361,3
DA:364,2
DA:367,0
DA:371,0
DA:374,3
DA:377,2
DA:380,0
DA:384,0
DA:388,1
DA:391,1
DA:394,0
DA:398,0
DA:402,1
DA:405,0
DA:408,0
DA:411,0
DA:414,0
DA:417,0
DA:420,0
DA:423,0
DA:426,0
DA:429,0
DA:432,0
DA:435,0
DA:442,0
DA:449,0
DA:456,0
DA:463,0
DA:473,12
DA:476,18
DA:477,18
DA:478,18
DA:479,0
DA:482,0
DA:483,18
DA:484,18
DA:485,9
DA:488,6
DA:489,0
DA:492,18
DA:493,15
DA:494,6
DA:495,0
DA:497,0
DA:498,0
DA:499,0
DA:500,0
DA:502,15
DA:503,0
DA:504,0
DA:505,0
DA:508,12
DA:509,0
DA:510,0
DA:511,0
DA:513,6
DA:514,0
DA:515,0
DA:516,0
DA:518,15
DA:519,0
DA:520,0
DA:521,0
DA:523,3
DA:524,0
DA:525,0
DA:526,0
DA:529,9
DA:530,6
DA:531,6
DA:532,0
DA:533,6
DA:536,15
DA:537,6
DA:540,0
DA:541,0
DA:542,0
DA:543,0
DA:544,0
LF:160
LH:74
end_of_record
SF:lib/features/dashboard/presentation/widgets/stats_overview.dart
DA:8,1
DA:14,1
DA:17,1
DA:18,1
DA:20,1
DA:21,1
DA:22,1
DA:33,1
DA:34,1
DA:45,1
DA:46,1
DA:61,1
DA:70,2
DA:71,1
DA:73,1
DA:74,3
DA:75,1
DA:77,1
DA:78,1
DA:79,1
DA:80,1
DA:81,1
DA:84,1
DA:85,1
DA:86,2
DA:92,1
DA:95,1
DA:97,1
DA:99,1
DA:100,1
DA:102,1
DA:103,1
DA:104,1
DA:106,1
DA:113,1
DA:116,1
DA:118,1
DA:119,1
DA:121,1
DA:123,1
DA:126,1
DA:139,1
DA:141,1
DA:142,1
DA:144,4
DA:145,1
DA:155,1
DA:158,1
DA:160,4
DA:162,1
LF:50
LH:50
end_of_record
SF:lib/features/dashboard/presentation/widgets/expense_chart.dart
DA:6,3
DA:8,0
DA:10,0
DA:11,0
DA:14,0
DA:16,0
DA:18,0
DA:19,0
DA:20,0
DA:21,0
DA:22,0
DA:23,0
DA:24,0
DA:32,0
DA:34,0
DA:35,0
DA:36,0
DA:37,0
DA:39,0
DA:41,0
DA:42,0
DA:44,0
DA:45,0
DA:46,0
DA:47,0
DA:58,0
DA:59,0
DA:62,0
DA:63,0
DA:65,0
DA:66,0
DA:67,0
DA:68,0
DA:78,0
DA:80,0
DA:81,0
DA:82,0
DA:85,0
DA:89,0
DA:90,0
DA:91,0
DA:96,0
DA:97,0
DA:98,0
DA:100,0
DA:102,0
DA:104,0
DA:105,0
DA:107,0
DA:109,0
DA:111,0
DA:112,0
DA:114,0
DA:116,0
DA:118,0
DA:119,0
DA:121,0
DA:123,0
DA:125,0
DA:126,0
DA:128,0
DA:130,0
DA:132,0
DA:133,0
DA:135,0
DA:137,0
DA:139,0
DA:140,0
DA:142,0
DA:144,0
LF:70
LH:1
end_of_record
SF:lib/features/dashboard/presentation/widgets/expense_breakdown_chart.dart
DA:6,3
DA:8,1
DA:10,1
DA:13,1
DA:15,1
DA:17,1
DA:18,1
DA:20,4
DA:22,1
DA:25,1
DA:27,1
DA:28,1
DA:29,1
DA:30,2
DA:32,1
DA:34,1
DA:35,1
DA:37,4
DA:38,1
DA:44,1
DA:47,1
DA:57,1
DA:58,1
DA:60,1
DA:62,1
DA:64,1
DA:65,1
DA:66,1
DA:67,1
DA:72,1
DA:75,1
DA:84,1
DA:86,1
DA:88,1
DA:89,2
DA:91,2
DA:93,2
DA:95,2
DA:97,2
DA:107,1
DA:108,1
DA:109,1
DA:110,1
DA:120,1
DA:121,1
DA:131,1
DA:132,1
DA:142,1
DA:143,1
DA:153,1
DA:154,1
DA:167,1
DA:168,1
DA:169,1
DA:170,1
DA:173,1
DA:176,1
DA:177,1
DA:178,1
DA:186,1
DA:187,1
DA:189,1
DA:190,1
DA:192,1
DA:195,1
DA:198,1
DA:199,1
DA:200,1
DA:202,1
LF:69
LH:69
end_of_record
SF:lib/features/dashboard/presentation/widgets/products_chart.dart
DA:6,3
DA:8,0
DA:10,0
DA:11,0
DA:14,0
DA:16,0
DA:18,0
DA:19,0
DA:20,0
DA:21,0
DA:22,0
DA:23,0
DA:24,0
DA:32,0
DA:34,0
DA:35,0
DA:36,0
DA:37,0
DA:39,0
DA:47,0
DA:48,0
DA:50,0
DA:51,0
DA:52,0
DA:53,0
DA:64,0
DA:65,0
DA:68,0
DA:69,0
DA:71,0
DA:72,0
DA:73,0
DA:74,0
DA:84,0
DA:86,0
DA:87,0
DA:88,0
DA:91,0
DA:95,0
DA:96,0
DA:97,0
DA:102,0
DA:103,0
DA:104,0
DA:106,0
DA:108,0
DA:110,0
DA:111,0
DA:113,0
DA:115,0
DA:117,0
DA:118,0
DA:120,0
DA:122,0
DA:124,0
DA:125,0
DA:127,0
DA:129,0
DA:131,0
DA:132,0
DA:134,0
DA:136,0
LF:62
LH:1
end_of_record
SF:lib/features/dashboard/presentation/widgets/products_breakdown_chart.dart
DA:6,3
DA:8,1
DA:10,1
DA:13,1
DA:15,1
DA:17,1
DA:18,1
DA:20,4
DA:22,1
DA:25,1
DA:27,1
DA:28,1
DA:29,1
DA:30,2
DA:32,1
DA:34,1
DA:35,1
DA:37,4
DA:38,1
DA:44,1
DA:47,1
DA:57,1
DA:58,1
DA:60,1
DA:62,1
DA:64,1
DA:65,1
DA:66,1
DA:67,1
DA:72,1
DA:75,1
DA:84,1
DA:86,1
DA:88,1
DA:89,2
DA:91,2
DA:93,2
DA:95,2
DA:97,2
DA:107,1
DA:108,1
DA:109,1
DA:110,1
DA:120,1
DA:121,1
DA:131,1
DA:132,1
DA:142,1
DA:143,1
DA:153,1
DA:154,1
DA:167,1
DA:168,1
DA:169,1
DA:170,1
DA:173,1
DA:176,1
DA:177,1
DA:178,1
DA:186,1
DA:187,1
DA:189,1
DA:190,1
DA:192,1
DA:195,1
DA:198,1
DA:199,1
DA:200,1
DA:202,1
LF:69
LH:69
end_of_record
SF:lib/features/dashboard/presentation/widgets/calories_chart.dart
DA:6,3
DA:8,0
DA:10,0
DA:11,0
DA:14,0
DA:16,0
DA:18,0
DA:19,0
DA:20,0
DA:21,0
DA:22,0
DA:23,0
DA:24,0
DA:32,0
DA:34,0
DA:35,0
DA:36,0
DA:37,0
DA:39,0
DA:41,0
DA:42,0
DA:44,0
DA:45,0
DA:46,0
DA:47,0
DA:58,0
DA:59,0
DA:62,0
DA:63,0
DA:65,0
DA:66,0
DA:67,0
DA:68,0
DA:78,0
DA:80,0
DA:81,0
DA:82,0
DA:85,0
DA:89,0
DA:90,0
DA:91,0
DA:96,0
DA:97,0
DA:98,0
DA:100,0
DA:102,0
DA:104,0
DA:105,0
DA:107,0
DA:109,0
DA:111,0
DA:112,0
DA:114,0
DA:116,0
DA:118,0
DA:119,0
DA:121,0
DA:123,0
DA:125,0
DA:126,0
DA:128,0
DA:130,0
DA:132,0
DA:133,0
DA:135,0
DA:137,0
DA:139,0
DA:140,0
DA:142,0
DA:144,0
LF:70
LH:1
end_of_record
SF:lib/features/dashboard/presentation/widgets/calories_breakdown_chart.dart
DA:6,3
DA:8,1
DA:10,1
DA:13,1
DA:15,1
DA:17,1
DA:18,1
DA:20,4
DA:22,1
DA:25,1
DA:27,1
DA:28,1
DA:29,1
DA:30,2
DA:32,1
DA:34,1
DA:35,1
DA:37,4
DA:38,1
DA:44,1
DA:47,1
DA:57,1
DA:58,1
DA:60,1
DA:62,1
DA:64,1
DA:65,1
DA:66,1
DA:67,1
DA:72,1
DA:75,1
DA:84,1
DA:86,1
DA:88,1
DA:89,2
DA:91,2
DA:93,2
DA:95,2
DA:97,2
DA:107,1
DA:108,1
DA:109,1
DA:110,1
DA:120,1
DA:121,1
DA:131,1
DA:132,1
DA:142,1
DA:143,1
DA:153,1
DA:154,1
DA:167,1
DA:168,1
DA:169,1
DA:170,1
DA:173,1
DA:176,1
DA:177,1
DA:178,1
DA:186,1
DA:187,1
DA:189,1
DA:190,1
DA:192,1
DA:195,1
DA:198,1
DA:199,1
DA:200,1
DA:202,1
LF:69
LH:69
end_of_record
SF:lib/features/grocery_list/presentation/screens/grocery_list_screen.dart
DA:6,3
DA:8,0
DA:10,0
DA:11,0
DA:12,0
DA:14,0
DA:15,0
DA:19,0
DA:21,0
DA:22,0
DA:24,0
DA:26,0
DA:27,0
DA:29,0
DA:30,0
DA:35,0
DA:36,0
DA:37,0
DA:39,0
DA:41,0
DA:43,0
DA:47,0
DA:50,0
DA:54,0
DA:57,0
DA:61,0
DA:65,0
DA:67,0
DA:69,0
DA:71,0
DA:72,0
DA:78,0
DA:80,0
DA:82,0
DA:84,0
DA:85,0
DA:91,0
DA:93,0
DA:95,0
DA:97,0
DA:98,0
DA:104,0
DA:106,0
DA:108,0
DA:110,0
DA:111,0
DA:128,0
DA:134,0
DA:136,0
DA:138,0
DA:139,0
DA:140,0
DA:141,0
DA:142,0
DA:143,0
DA:149,0
DA:151,0
DA:152,0
DA:153,0
DA:154,0
DA:155,0
DA:158,0
DA:161,0
DA:162,0
DA:164,0
DA:165,0
DA:166,0
DA:167,0
DA:169,0
DA:174,0
DA:175,0
DA:176,0
DA:179,0
LF:73
LH:1
end_of_record
SF:lib/features/menu/presentation/screens/healthy_menu_screen.dart
DA:11,3
DA:13,1
DA:14,1
DA:21,1
DA:23,1
DA:24,1
DA:25,1
DA:28,1
DA:29,1
DA:30,2
DA:32,0
DA:36,1
DA:37,2
DA:38,3
DA:42,0
DA:43,0
DA:44,0
DA:45,0
DA:48,0
DA:49,0
DA:53,1
DA:55,1
DA:56,1
DA:58,1
DA:60,0
DA:61,0
DA:63,0
DA:64,0
DA:68,1
DA:69,1
DA:71,0
DA:75,1
DA:77,0
DA:83,1
DA:84,1
DA:85,1
DA:86,2
DA:89,1
DA:90,0
DA:92,3
DA:97,1
DA:98,1
DA:100,1
DA:101,1
DA:102,2
DA:107,1
DA:108,1
LF:47
LH:33
end_of_record
SF:lib/features/exercise/presentation/screens/exercise_screen_redesigned.dart
DA:7,3
DA:9,0
DA:11,0
DA:83,0
DA:85,0
DA:86,0
DA:87,0
DA:88,0
DA:90,0
DA:91,0
DA:93,0
DA:95,0
DA:97,0
DA:99,0
DA:100,0
DA:104,0
DA:105,0
DA:106,0
DA:108,0
DA:110,0
DA:114,0
DA:115,0
DA:117,0
DA:119,0
DA:125,0
DA:126,0
DA:128,0
DA:131,0
DA:132,0
DA:136,0
DA:137,0
DA:140,0
DA:141,0
DA:143,0
DA:149,0
DA:150,0
DA:153,0
DA:155,0
DA:156,0
DA:158,0
DA:159,0
DA:164,0
DA:166,0
DA:168,0
DA:169,0
DA:170,0
DA:171,0
DA:173,0
DA:175,0
DA:176,0
DA:177,0
DA:178,0
DA:182,0
DA:184,0
DA:199,0
DA:200,0
DA:201,0
DA:202,0
DA:203,0
DA:204,0
DA:206,0
DA:209,0
DA:210,0
DA:211,0
DA:212,0
DA:214,0
DA:220,0
DA:221,0
DA:222,0
DA:224,0
DA:225,0
DA:227,0
DA:228,0
DA:231,0
DA:232,0
DA:234,0
DA:235,0
DA:237,0
DA:240,0
DA:241,0
DA:243,0
DA:245,0
DA:246,0
DA:247,0
DA:254,0
DA:255,0
DA:257,0
DA:258,0
DA:259,0
DA:260,0
DA:261,0
DA:268,0
DA:269,0
DA:270,0
DA:271,0
DA:278,0
DA:282,0
DA:283,0
DA:285,0
DA:287,0
DA:289,0
DA:291,0
DA:293,0
DA:304,0
DA:306,0
DA:307,0
DA:310,0
DA:311,0
DA:312,0
DA:315,0
DA:316,0
DA:335,0
DA:336,0
DA:338,0
DA:339,0
DA:342,0
DA:345,0
DA:347,0
DA:348,0
LF:119
LH:1
end_of_record
SF:lib/features/profile/domain/entities/user_profile.dart
DA:127,2
DA:167,1
DA:168,4
DA:169,6
DA:170,2
DA:183,1
DA:184,4
DA:185,4
DA:186,4
DA:187,2
DA:202,1
DA:203,1
DA:204,1
DA:205,4
DA:206,4
DA:207,8
DA:208,0
DA:224,1
DA:225,2
DA:226,4
DA:227,2
DA:228,3
DA:246,1
DA:247,1
DA:250,1
DA:251,1
DA:252,1
DA:273,2
DA:277,6
DA:278,6
DA:279,8
DA:280,4
DA:281,4
DA:282,4
DA:283,4
DA:284,4
DA:285,6
DA:286,6
DA:287,6
DA:288,6
DA:290,2
DA:293,0
DA:320,0
DA:321,0
DA:322,0
DA:323,0
DA:324,0
DA:325,0
DA:326,0
DA:327,0
DA:328,0
DA:329,0
DA:330,0
DA:331,0
DA:332,0
DA:333,0
DA:334,0
DA:335,0
DA:336,0
DA:337,0
DA:338,0
DA:339,0
DA:340,0
DA:341,0
DA:343,0
DA:345,0
DA:346,0
DA:347,0
DA:351,0
DA:354,0
DA:355,0
DA:356,0
DA:357,0
DA:358,0
DA:359,0
DA:360,0
DA:361,0
DA:362,0
DA:363,0
DA:364,0
DA:365,0
DA:366,0
DA:367,0
DA:370,0
DA:372,0
DA:373,0
DA:374,0
DA:375,0
DA:376,0
DA:377,0
DA:378,0
DA:379,0
DA:380,0
DA:381,0
DA:382,0
DA:383,0
DA:384,0
DA:385,0
DA:389,0
DA:391,0
DA:401,0
DA:403,0
DA:405,0
DA:407,0
DA:409,0
DA:422,0
DA:424,0
DA:426,0
DA:428,0
DA:430,0
DA:432,0
DA:437,0
DA:439,0
DA:441,0
DA:443,0
DA:445,0
DA:447,0
DA:463,0
DA:465,0
DA:467,0
DA:469,0
DA:471,0
DA:473,0
DA:475,0
DA:477,0
DA:479,0
DA:491,0
DA:493,0
DA:495,0
DA:497,0
DA:499,0
DA:504,0
DA:506,0
DA:508,0
DA:510,0
DA:512,0
LF:136
LH:40
end_of_record
SF:lib/features/profile/data/services/profile_service.dart
DA:12,3
DA:18,1
DA:19,2
DA:61,3
DA:67,1
DA:73,1
DA:74,1
DA:75,1
DA:76,1
DA:82,2
DA:83,2
DA:86,1
DA:88,5
DA:91,1
DA:93,1
DA:95,1
DA:98,1
DA:100,1
DA:101,2
DA:104,1
DA:106,1
DA:108,3
DA:115,1
DA:116,1
DA:117,1
DA:120,3
DA:124,1
DA:126,1
DA:128,3
DA:135,1
DA:136,1
DA:139,3
DA:143,1
DA:145,1
DA:147,2
DA:154,2
DA:155,2
DA:158,0
DA:160,0
DA:162,0
DA:170,0
DA:171,0
DA:174,0
DA:175,0
DA:177,0
DA:183,0
DA:185,0
DA:187,0
DA:194,0
DA:197,0
DA:198,0
DA:200,0
DA:204,1
DA:206,1
DA:208,3
DA:209,5
DA:212,1
DA:214,1
DA:216,2
DA:223,2
DA:224,1
DA:225,1
DA:227,4
DA:228,1
DA:229,1
DA:230,2
DA:231,2
DA:232,2
DA:233,2
DA:237,1
DA:239,1
DA:241,2
DA:248,2
DA:249,1
DA:251,1
DA:252,1
DA:254,2
DA:264,0
DA:266,0
DA:269,0
DA:271,0
DA:274,0
DA:276,0
DA:277,0
DA:281,0
DA:285,0
DA:287,0
DA:289,0
DA:293,0
DA:297,0
DA:300,0
DA:303,0
DA:305,0
DA:307,0
DA:311,0
DA:314,0
DA:315,0
DA:317,0
DA:318,0
DA:319,0
DA:320,0
DA:321,0
DA:322,0
DA:324,0
DA:326,0
DA:330,0
DA:333,0
DA:335,0
DA:339,0
DA:342,0
DA:343,0
DA:345,0
DA:347,0
DA:350,0
DA:351,0
DA:352,0
DA:356,0
DA:360,0
DA:364,0
DA:365,0
DA:367,0
DA:368,0
DA:369,0
DA:372,0
DA:376,0
DA:377,0
DA:378,0
DA:380,0
DA:384,0
DA:387,0
DA:390,0
DA:394,0
DA:396,0
DA:400,0
DA:404,0
DA:405,0
DA:406,0
DA:407,0
DA:410,0
DA:411,0
DA:412,0
DA:413,0
DA:416,0
DA:418,0
DA:420,0
DA:421,0
DA:423,0
DA:428,0
DA:431,0
DA:435,0
DA:438,0
DA:440,0
DA:445,0
DA:448,0
DA:449,0
DA:450,0
DA:451,0
DA:453,0
DA:454,0
DA:457,0
DA:460,0
DA:465,0
DA:466,0
DA:467,0
DA:468,0
DA:469,0
DA:470,0
DA:471,0
DA:472,0
DA:473,0
DA:474,0
DA:475,0
DA:476,0
DA:477,0
DA:478,0
DA:479,0
DA:480,0
DA:481,0
DA:482,0
DA:484,0
DA:485,0
DA:486,0
DA:487,0
DA:488,0
DA:489,0
DA:490,0
DA:494,0
DA:495,0
DA:496,0
DA:497,0
DA:498,0
DA:499,0
DA:500,0
DA:501,0
DA:502,0
DA:504,0
DA:505,0
DA:506,0
DA:507,0
DA:510,0
DA:511,0
DA:512,0
DA:513,0
DA:514,0
DA:515,0
DA:518,0
DA:519,0
DA:520,0
DA:521,0
DA:522,0
DA:523,0
DA:524,0
DA:525,0
DA:526,0
DA:527,0
DA:529,0
DA:530,0
DA:531,0
DA:533,0
DA:535,0
DA:536,0
DA:537,0
DA:538,0
DA:539,0
DA:540,0
DA:541,0
DA:542,0
DA:543,0
DA:544,0
LF:229
LH:62
end_of_record
SF:lib/features/dashboard/presentation/widgets/meal_plan_card.dart
DA:5,1
DA:7,1
DA:9,1
DA:10,2
DA:11,1
DA:13,2
DA:14,1
DA:16,1
DA:17,1
DA:18,1
DA:19,1
DA:24,1
DA:26,1
DA:27,1
DA:28,1
DA:29,1
DA:30,1
DA:31,1
DA:33,1
DA:39,1
DA:40,1
DA:44,1
DA:45,1
DA:47,1
DA:52,1
DA:53,1
DA:54,1
DA:55,1
DA:56,1
DA:57,1
DA:59,1
LF:31
LH:31
end_of_record
SF:lib/shared/design/components/buttons/nutry_button.dart
DA:35,0
DA:50,0
DA:59,0
DA:72,0
DA:80,0
DA:92,0
DA:100,0
DA:112,0
DA:120,0
DA:132,0
DA:139,0
DA:149,0
DA:150,0
DA:159,0
DA:161,0
DA:162,0
DA:163,0
DA:166,0
DA:169,0
DA:170,0
DA:171,0
DA:175,0
DA:177,0
DA:178,0
DA:181,0
DA:182,0
DA:183,0
DA:184,0
DA:188,0
DA:189,0
DA:190,0
DA:191,0
DA:195,0
DA:196,0
DA:197,0
DA:198,0
DA:202,0
DA:206,0
DA:207,0
DA:208,0
DA:209,0
DA:210,0
DA:211,0
DA:212,0
DA:213,0
DA:214,0
DA:216,0
DA:217,0
DA:218,0
DA:219,0
DA:220,0
DA:221,0
DA:222,0
DA:223,0
DA:226,0
DA:227,0
DA:228,0
DA:229,0
DA:230,0
DA:231,0
DA:233,0
DA:234,0
DA:238,0
DA:239,0
DA:240,0
DA:241,0
DA:242,0
DA:243,0
DA:245,0
DA:247,0
DA:248,0
DA:250,0
DA:251,0
DA:252,0
DA:263,0
DA:265,0
DA:266,0
DA:267,0
DA:268,0
DA:269,0
DA:270,0
DA:271,0
DA:275,0
DA:277,0
DA:278,0
DA:279,0
DA:280,0
DA:281,0
DA:282,0
DA:283,0
DA:284,0
DA:285,0
DA:286,0
DA:290,0
DA:292,0
DA:293,0
DA:294,0
DA:295,0
DA:296,0
DA:297,0
DA:298,0
DA:302,0
DA:312,0
DA:313,0
DA:314,0
DA:315,0
DA:316,0
DA:317,0
DA:319,0
DA:320,0
DA:321,0
DA:322,0
DA:323,0
DA:325,0
DA:326,0
DA:327,0
DA:328,0
DA:329,0
DA:331,0
DA:333,0
DA:334,0
DA:337,0
DA:340,0
DA:343,0
DA:344,0
DA:345,0
DA:346,0
DA:351,0
DA:352,0
DA:353,0
DA:354,0
DA:358,0
DA:361,0
DA:363,0
DA:365,0
DA:370,0
DA:374,0
DA:375,0
DA:376,0
DA:377,0
DA:378,0
DA:379,0
DA:381,0
DA:382,0
DA:383,0
DA:387,0
DA:388,0
DA:394,0
DA:396,0
DA:401,0
DA:402,0
DA:403,0
DA:404,0
DA:406,0
DA:407,0
DA:408,0
DA:410,0
DA:411,0
DA:412,0
DA:416,0
DA:420,0
DA:428,0
DA:430,0
DA:432,0
DA:433,0
DA:436,0
DA:437,0
DA:438,0
DA:440,0
DA:441,0
DA:442,0
DA:443,0
DA:444,0
DA:446,0
DA:447,0
DA:448,0
DA:450,0
DA:451,0
DA:452,0
DA:454,0
DA:455,0
DA:456,0
DA:458,0
DA:459,0
DA:460,0
DA:461,0
DA:469,0
DA:470,0
DA:472,0
DA:473,0
DA:475,0
DA:476,0
DA:477,0
DA:480,0
DA:481,0
DA:482,0
DA:485,0
LF:197
LH:0
end_of_record
SF:lib/features/meal_plan/presentation/widgets/top_bar.dart
DA:5,3
DA:7,3
DA:8,3
DA:16,0
DA:17,0
DA:18,0
DA:19,0
DA:21,0
DA:22,0
DA:23,0
DA:26,0
DA:27,0
DA:28,0
DA:29,0
DA:32,0
DA:33,0
DA:34,0
DA:48,0
DA:49,0
DA:50,0
DA:51,0
DA:52,0
DA:54,0
DA:57,0
DA:66,0
DA:67,0
DA:68,0
DA:69,0
DA:71,0
DA:72,0
DA:73,0
DA:76,0
DA:77,0
DA:78,0
DA:79,0
DA:82,0
DA:83,0
DA:84,0
DA:98,0
DA:99,0
DA:100,0
DA:101,0
DA:102,0
DA:104,0
DA:107,0
DA:116,0
DA:117,0
DA:118,0
DA:119,0
DA:121,0
DA:122,0
DA:123,0
DA:126,0
DA:127,0
DA:128,0
DA:129,0
DA:132,0
DA:133,0
DA:134,0
DA:142,0
DA:143,0
DA:144,0
DA:145,0
DA:146,0
DA:148,0
DA:151,0
DA:160,3
DA:162,3
DA:164,3
DA:165,3
DA:166,3
DA:167,3
DA:168,3
DA:169,3
DA:170,3
DA:171,3
DA:174,3
DA:179,3
DA:180,3
DA:181,3
DA:182,3
DA:183,3
DA:184,3
DA:185,3
DA:188,3
DA:193,3
DA:194,3
DA:195,3
DA:196,3
DA:197,3
DA:198,3
DA:199,3
DA:200,3
DA:201,3
DA:202,3
DA:203,3
DA:204,6
DA:208,3
DA:210,3
DA:211,3
DA:212,3
DA:213,3
DA:214,3
DA:216,3
DA:221,3
DA:222,3
DA:223,3
DA:229,3
DA:230,6
DA:231,3
DA:232,3
DA:233,3
DA:234,3
DA:235,3
DA:236,3
DA:238,6
LF:116
LH:53
end_of_record
SF:lib/features/meal_plan/presentation/widgets/meal_type_toggle.dart
DA:7,3
DA:12,3
DA:13,3
DA:24,3
DA:26,3
DA:27,3
DA:28,3
DA:29,3
DA:30,3
DA:31,3
DA:33,3
DA:34,6
DA:35,12
DA:36,3
DA:37,3
DA:38,0
DA:39,3
DA:40,3
DA:41,3
DA:43,3
DA:44,3
DA:45,3
DA:46,3
DA:47,3
DA:48,6
DA:50,3
DA:52,3
DA:53,3
DA:55,3
DA:59,3
DA:60,3
DA:66,3
LF:32
LH:31
end_of_record
SF:lib/features/meal_plan/presentation/widgets/meal_plan_grid.dart
DA:6,3
DA:8,3
DA:10,3
DA:11,3
DA:13,3
DA:14,6
LF:6
LH:6
end_of_record
SF:lib/features/meal_plan/presentation/widgets/meal_card.dart
DA:8,3
DA:14,3
DA:16,3
DA:17,0
DA:18,0
DA:20,3
DA:23,3
DA:24,3
DA:25,3
DA:26,3
DA:27,3
DA:28,6
DA:31,3
DA:32,3
DA:34,3
DA:37,3
DA:38,3
DA:40,6
DA:42,3
DA:43,3
DA:46,3
DA:47,3
DA:48,3
DA:49,3
DA:52,3
DA:53,3
DA:54,3
DA:55,3
DA:57,3
DA:61,3
DA:62,3
DA:63,3
DA:64,3
DA:67,3
DA:77,3
DA:78,3
DA:79,3
DA:81,3
DA:91,0
DA:92,0
DA:96,0
DA:97,0
DA:98,0
DA:100,0
DA:101,0
DA:102,0
DA:104,0
DA:106,0
DA:107,0
DA:108,0
DA:110,0
DA:111,0
DA:112,0
DA:115,0
DA:116,0
DA:117,0
DA:118,0
DA:122,0
DA:125,0
DA:126,0
DA:127,0
DA:128,0
DA:130,0
DA:132,0
DA:133,0
DA:134,0
DA:136,0
DA:137,0
DA:138,0
DA:139,0
DA:142,0
DA:144,0
DA:145,0
DA:147,0
DA:150,0
DA:152,0
DA:153,0
DA:154,0
DA:155,0
DA:156,0
DA:157,0
DA:158,0
DA:160,0
DA:161,0
DA:162,0
DA:163,0
DA:164,0
DA:165,0
DA:166,0
DA:167,0
DA:169,0
DA:187,0
DA:189,0
DA:191,0
DA:192,0
DA:193,0
DA:195,0
DA:196,0
DA:197,0
DA:198,0
DA:199,0
LF:101
LH:36
end_of_record
SF:lib/features/meal_plan/presentation/widgets/meal_day_column.dart
DA:8,3
DA:30,3
DA:32,3
DA:33,3
DA:34,3
DA:35,3
DA:36,3
DA:37,3
DA:38,3
DA:39,6
DA:41,3
DA:44,3
DA:46,3
DA:48,3
DA:50,3
DA:51,3
DA:52,3
DA:53,6
DA:55,3
DA:57,3
DA:58,3
DA:59,6
DA:60,3
DA:61,3
DA:66,3
DA:67,3
DA:68,6
DA:69,3
DA:72,3
DA:79,3
DA:80,3
DA:81,3
DA:88,3
DA:89,3
DA:90,3
DA:91,3
DA:92,9
DA:93,0
DA:94,0
DA:95,0
DA:96,0
DA:97,0
DA:99,0
DA:100,0
DA:101,0
DA:102,0
DA:103,0
DA:105,0
DA:106,0
LF:49
LH:37
end_of_record
SF:lib/features/menu/data/models/ingredient.dart
DA:9,1
DA:16,0
DA:17,0
DA:18,0
DA:19,0
DA:20,0
DA:21,0
DA:25,0
DA:26,0
DA:27,0
DA:28,0
DA:29,0
DA:30,0
LF:13
LH:1
end_of_record
SF:lib/features/menu/data/models/nutrition_info.dart
DA:7,1
DA:14,0
DA:15,0
DA:16,0
DA:17,0
DA:18,0
DA:19,0
DA:23,0
DA:24,0
DA:25,0
DA:26,0
DA:27,0
DA:28,0
LF:13
LH:1
end_of_record
SF:lib/features/menu/data/models/menu_item.dart
DA:18,1
DA:31,0
DA:32,0
DA:33,0
DA:34,0
DA:35,0
DA:36,0
DA:37,0
DA:38,0
DA:39,0
DA:40,0
DA:41,0
DA:42,0
DA:43,0
DA:44,0
DA:45,0
DA:46,0
DA:47,0
DA:48,0
DA:52,0
DA:53,0
DA:54,0
DA:55,0
DA:56,0
DA:57,0
DA:58,0
DA:59,0
DA:60,0
DA:61,0
DA:62,0
DA:63,0
LF:31
LH:1
end_of_record
SF:lib/features/menu/data/models/recipe_step.dart
DA:12,1
DA:23,0
DA:24,0
DA:25,0
DA:26,0
DA:27,0
DA:28,0
DA:29,0
DA:30,0
DA:31,0
DA:32,0
DA:36,0
DA:37,0
DA:38,0
DA:39,0
DA:40,0
DA:41,0
DA:42,0
DA:43,0
DA:44,0
DA:45,0
DA:49,0
DA:59,0
DA:60,0
DA:61,0
DA:62,0
DA:63,0
DA:64,0
DA:65,0
DA:66,0
DA:67,0
DA:71,0
DA:74,0
DA:77,0
DA:78,0
DA:80,0
DA:82,0
LF:37
LH:1
end_of_record
SF:lib/features/menu/data/models/recipe_photo.dart
DA:14,1
DA:25,0
DA:26,0
DA:27,0
DA:28,0
DA:29,0
DA:30,0
DA:31,0
DA:32,0
DA:33,0
DA:37,0
DA:38,0
DA:39,0
DA:40,0
DA:41,0
DA:42,0
DA:43,0
DA:44,0
DA:45,0
DA:49,0
DA:59,0
DA:60,0
DA:61,0
DA:62,0
DA:63,0
DA:64,0
DA:65,0
DA:66,0
DA:67,0
DA:71,0
DA:74,0
DA:77,0
DA:78,0
DA:80,0
DA:82,0
LF:35
LH:1
end_of_record
SF:lib/features/menu/data/models/nutrition_facts.dart
DA:12,1
DA:24,0
DA:25,0
DA:26,0
DA:27,0
DA:28,0
DA:29,0
DA:30,0
DA:31,0
DA:32,0
DA:33,0
DA:34,0
DA:38,0
DA:39,0
DA:40,0
DA:41,0
DA:42,0
DA:43,0
DA:44,0
DA:45,0
DA:46,0
DA:47,0
DA:48,0
LF:23
LH:1
end_of_record
SF:lib/features/menu/data/services/mock_recipe_service.dart
DA:13,3
DA:14,1
DA:21,1
DA:22,1
DA:28,1
DA:29,1
DA:32,1
DA:33,1
DA:37,1
DA:44,1
DA:48,1
DA:55,1
DA:59,1
DA:67,1
DA:68,1
DA:72,1
DA:73,1
DA:75,1
DA:79,1
DA:80,1
DA:82,1
DA:86,1
DA:87,1
DA:90,1
DA:102,1
DA:109,1
DA:110,1
DA:116,1
DA:117,1
DA:120,1
DA:121,1
DA:125,1
DA:132,1
DA:136,1
DA:143,1
DA:147,1
DA:155,1
DA:156,1
DA:160,1
DA:161,1
DA:163,1
DA:167,1
DA:168,1
DA:170,1
DA:174,1
DA:175,1
DA:178,1
DA:190,1
DA:197,1
DA:198,1
DA:204,1
DA:205,1
DA:208,1
DA:209,1
DA:213,1
DA:220,1
DA:224,1
DA:231,1
DA:235,1
DA:243,1
DA:244,1
DA:248,1
DA:249,1
DA:251,1
DA:255,1
DA:256,1
DA:258,1
DA:262,1
DA:263,1
DA:265,1
DA:269,1
DA:270,1
DA:273,1
DA:287,1
DA:288,1
DA:292,1
DA:294,1
DA:295,3
DA:297,2
DA:300,0
DA:301,0
DA:305,0
DA:308,0
DA:310,0
DA:314,0
DA:316,0
DA:317,0
DA:321,0
DA:324,0
DA:325,0
DA:326,0
DA:327,0
DA:330,0
DA:335,0
DA:336,0
DA:340,0
DA:343,0
DA:344,0
DA:345,0
DA:347,0
DA:348,0
DA:351,0
DA:357,0
DA:358,0
DA:362,0
DA:363,0
LF:106
LH:79
end_of_record
SF:lib/features/menu/data/services/recipe_service.dart
DA:9,0
DA:11,0
DA:13,0
DA:16,0
DA:20,0
DA:22,0
DA:23,0
DA:25,0
DA:26,0
DA:27,0
DA:28,0
DA:32,0
DA:33,0
DA:36,0
DA:39,0
DA:42,0
DA:44,0
DA:45,0
DA:49,0
DA:50,0
DA:51,0
DA:52,0
DA:54,0
DA:55,0
DA:56,0
DA:57,0
DA:58,0
DA:59,0
DA:64,0
DA:65,0
DA:67,0
DA:70,0
DA:72,0
DA:73,0
DA:74,0
DA:75,0
DA:76,0
DA:77,0
DA:80,0
DA:81,0
DA:82,0
DA:84,0
DA:85,0
DA:87,0
DA:91,0
LF:45
LH:0
end_of_record
SF:lib/features/menu/presentation/screens/add_edit_recipe_screen.dart
DA:21,3
DA:23,0
DA:24,0
DA:42,0
DA:44,0
DA:45,0
DA:46,0
DA:47,0
DA:48,0
DA:49,0
DA:50,0
DA:51,0
DA:52,0
DA:53,0
DA:54,0
DA:55,0
DA:59,0
DA:60,0
DA:61,0
DA:63,0
DA:67,0
DA:68,0
DA:69,0
DA:70,0
DA:71,0
DA:74,0
DA:75,0
DA:77,0
DA:78,0
DA:82,0
DA:83,0
DA:84,0
DA:87,0
DA:90,0
DA:91,0
DA:92,0
DA:102,0
DA:104,0
DA:112,0
DA:113,0
DA:114,0
DA:115,0
DA:117,0
DA:119,0
DA:120,0
DA:125,0
DA:126,0
DA:131,0
DA:132,0
DA:133,0
DA:134,0
DA:135,0
DA:136,0
DA:137,0
DA:138,0
DA:145,0
DA:146,0
DA:147,0
DA:148,0
DA:149,0
DA:150,0
DA:151,0
DA:158,0
DA:159,0
DA:160,0
DA:167,0
DA:169,0
DA:170,0
DA:171,0
DA:172,0
DA:173,0
DA:175,0
DA:176,0
DA:190,0
DA:191,0
DA:192,0
DA:193,0
DA:194,0
DA:195,0
DA:196,0
DA:197,0
DA:198,0
DA:199,0
DA:200,0
DA:201,0
DA:206,0
DA:207,0
DA:208,0
DA:209,0
DA:210,0
DA:211,0
DA:214,0
DA:215,0
DA:216,0
DA:217,0
DA:218,0
DA:219,0
DA:220,0
DA:221,0
DA:222,0
DA:223,0
DA:226,0
DA:229,0
DA:230,0
DA:234,0
DA:235,0
DA:236,0
DA:239,0
DA:240,0
DA:241,0
DA:242,0
DA:244,0
DA:246,0
DA:247,0
DA:250,0
DA:253,0
DA:261,0
DA:263,0
DA:264,0
DA:265,0
DA:266,0
DA:267,0
DA:268,0
DA:270,0
DA:275,0
DA:276,0
DA:277,0
DA:278,0
DA:280,0
DA:282,0
DA:284,0
DA:285,0
DA:287,0
DA:288,0
DA:289,0
DA:293,0
DA:294,0
DA:297,0
DA:303,0
DA:304,0
DA:310,0
DA:311,0
DA:312,0
DA:313,0
DA:314,0
DA:315,0
DA:316,0
DA:318,0
DA:323,0
DA:324,0
DA:325,0
DA:326,0
DA:327,0
DA:328,0
DA:329,0
DA:331,0
DA:336,0
DA:338,0
DA:339,0
DA:340,0
DA:341,0
DA:343,0
DA:347,0
DA:348,0
DA:350,0
DA:352,0
DA:354,0
DA:355,0
DA:356,0
DA:357,0
DA:359,0
DA:363,0
DA:364,0
DA:365,0
DA:367,0
DA:369,0
DA:370,0
DA:371,0
DA:372,0
DA:373,0
DA:374,0
DA:375,0
DA:376,0
DA:378,0
DA:381,0
DA:382,0
DA:383,0
LF:187
LH:1
end_of_record
SF:lib/features/menu/presentation/widgets/ingredient_dialog.dart
DA:7,0
DA:9,0
DA:10,0
DA:23,0
DA:25,0
DA:26,0
DA:27,0
DA:28,0
DA:29,0
DA:30,0
DA:31,0
DA:32,0
DA:35,0
DA:36,0
DA:37,0
DA:38,0
DA:39,0
DA:40,0
DA:41,0
DA:42,0
DA:43,0
DA:44,0
DA:45,0
DA:48,0
DA:49,0
DA:53,0
DA:55,0
DA:57,0
DA:58,0
DA:59,0
DA:60,0
DA:62,0
DA:63,0
DA:64,0
DA:66,0
DA:67,0
DA:69,0
DA:70,0
DA:73,0
DA:74,0
DA:76,0
DA:77,0
DA:80,0
DA:81,0
DA:84,0
DA:85,0
DA:86,0
DA:87,0
DA:91,0
DA:92,0
DA:96,0
DA:97,0
DA:101,0
DA:102,0
DA:110,0
DA:111,0
DA:112,0
DA:115,0
DA:116,0
LF:59
LH:0
end_of_record
SF:lib/features/menu/presentation/widgets/step_dialog.dart
DA:8,0
DA:14,0
DA:15,0
DA:24,0
DA:26,0
DA:27,0
DA:28,0
DA:29,0
DA:30,0
DA:31,0
DA:32,0
DA:35,0
DA:37,0
DA:38,0
DA:39,0
DA:40,0
DA:43,0
DA:45,0
DA:46,0
DA:47,0
DA:48,0
DA:49,0
DA:51,0
DA:52,0
DA:53,0
DA:58,0
DA:59,0
DA:67,0
DA:68,0
DA:69,0
DA:70,0
DA:71,0
DA:80,0
DA:81,0
DA:82,0
DA:95,0
DA:96,0
DA:97,0
DA:100,0
DA:101,0
DA:108,0
DA:109,0
DA:110,0
DA:111,0
DA:112,0
DA:113,0
DA:114,0
DA:115,0
DA:116,0
DA:117,0
DA:120,0
DA:121,0
LF:52
LH:0
end_of_record
SF:lib/features/menu/presentation/widgets/photos_carousel.dart
DA:11,0
DA:19,0
DA:20,0
DA:27,0
DA:29,0
DA:30,0
DA:33,0
DA:35,0
DA:36,0
DA:39,0
DA:41,0
DA:42,0
DA:43,0
DA:44,0
DA:50,0
DA:51,0
DA:55,0
DA:59,0
DA:60,0
DA:62,0
DA:64,0
DA:65,0
DA:66,0
DA:67,0
DA:68,0
DA:71,0
DA:72,0
DA:73,0
DA:75,0
DA:76,0
DA:79,0
DA:85,0
DA:86,0
DA:88,0
DA:90,0
DA:91,0
DA:92,0
DA:96,0
DA:98,0
DA:99,0
DA:100,0
DA:110,0
DA:111,0
DA:112,0
DA:113,0
DA:115,0
DA:116,0
DA:117,0
DA:118,0
DA:119,0
DA:125,0
DA:126,0
DA:127,0
DA:128,0
DA:130,0
DA:131,0
DA:136,0
DA:137,0
DA:146,0
DA:147,0
DA:148,0
DA:149,0
DA:151,0
DA:152,0
DA:153,0
DA:154,0
DA:158,0
LF:67
LH:0
end_of_record
SF:lib/features/menu/presentation/widgets/preview_recipe_modal.dart
DA:18,0
DA:30,0
DA:32,0
DA:34,0
DA:35,0
DA:37,0
DA:39,0
DA:41,0
DA:42,0
DA:43,0
DA:44,0
DA:45,0
DA:49,0
DA:54,0
DA:56,0
DA:57,0
DA:58,0
DA:59,0
DA:60,0
DA:61,0
DA:62,0
DA:64,0
DA:66,0
DA:67,0
DA:69,0
DA:71,0
DA:73,0
DA:74,0
DA:75,0
DA:77,0
DA:78,0
DA:79,0
DA:80,0
DA:81,0
DA:83,0
DA:84,0
DA:85,0
DA:87,0
DA:89,0
DA:90,0
DA:92,0
DA:93,0
DA:94,0
DA:96,0
DA:102,0
DA:104,0
DA:105,0
DA:107,0
DA:108,0
DA:109,0
DA:110,0
DA:111,0
DA:112,0
DA:113,0
DA:116,0
DA:117,0
DA:119,0
DA:120,0
LF:58
LH:0
end_of_record
SF:lib/features/menu/presentation/widgets/menu_item_card.dart
DA:7,1
DA:9,1
DA:11,1
DA:12,0
DA:13,0
DA:15,0
DA:16,0
DA:20,1
DA:23,2
DA:24,1
DA:26,1
DA:27,3
DA:28,1
DA:29,4
DA:33,1
DA:36,1
DA:38,1
DA:40,1
DA:41,3
DA:42,3
DA:44,3
DA:47,1
DA:48,1
DA:49,4
DA:51,4
LF:25
LH:21
end_of_record
SF:lib/features/menu/presentation/screens/recipe_details_screen.dart
DA:10,0
DA:12,0
DA:13,0
DA:20,0
DA:22,0
DA:23,0
DA:24,0
DA:27,0
DA:28,0
DA:29,0
DA:31,0
DA:35,0
DA:36,0
DA:37,0
DA:38,0
DA:39,0
DA:41,0
DA:43,0
DA:49,0
DA:50,0
DA:51,0
DA:52,0
DA:55,0
DA:56,0
DA:57,0
DA:59,0
DA:60,0
DA:66,0
DA:68,0
DA:69,0
DA:70,0
DA:72,0
DA:73,0
DA:79,0
DA:81,0
DA:82,0
DA:83,0
DA:84,0
DA:85,0
DA:87,0
DA:89,0
DA:91,0
DA:95,0
DA:97,0
DA:99,0
DA:101,0
DA:102,0
DA:104,0
DA:105,0
DA:106,0
DA:107,0
DA:108,0
DA:109,0
DA:110,0
DA:111,0
DA:113,0
DA:120,0
DA:122,0
DA:123,0
DA:124,0
DA:125,0
DA:126,0
DA:127,0
DA:128,0
DA:129,0
DA:130,0
DA:132,0
DA:135,0
DA:137,0
DA:138,0
DA:139,0
DA:141,0
DA:142,0
DA:143,0
DA:144,0
DA:146,0
DA:147,0
DA:148,0
DA:149,0
DA:150,0
DA:151,0
DA:152,0
DA:155,0
DA:157,0
DA:158,0
DA:159,0
DA:160,0
DA:161,0
LF:88
LH:0
end_of_record
SF:lib/features/profile/data/models/user_profile_model.dart
DA:5,1
DA:34,0
DA:35,0
DA:36,0
DA:37,0
DA:38,0
DA:39,0
DA:40,0
DA:41,0
DA:42,0
DA:44,0
DA:45,0
DA:47,0
DA:48,0
DA:49,0
DA:51,0
DA:53,0
DA:54,0
DA:55,0
DA:56,0
DA:57,0
DA:58,0
DA:60,0
DA:61,0
DA:63,0
DA:64,0
DA:66,0
DA:67,0
DA:69,0
DA:70,0
DA:71,0
DA:72,0
DA:73,0
DA:74,0
DA:76,0
DA:78,0
DA:79,0
DA:80,0
DA:82,0
DA:83,0
DA:89,1
DA:90,1
DA:91,1
DA:92,1
DA:93,1
DA:94,1
DA:95,1
DA:96,2
DA:97,2
DA:98,1
DA:99,1
DA:100,2
DA:101,1
DA:102,5
DA:103,1
DA:104,1
DA:105,1
DA:106,1
DA:107,1
DA:108,1
DA:109,1
DA:110,1
DA:111,1
DA:112,1
DA:113,1
DA:114,2
DA:115,2
DA:120,0
DA:121,0
DA:122,0
DA:123,0
DA:124,0
DA:125,0
DA:126,0
DA:127,0
DA:128,0
DA:129,0
DA:130,0
DA:131,0
DA:132,0
DA:133,0
DA:134,0
DA:135,0
DA:136,0
DA:137,0
DA:138,0
DA:139,0
DA:140,0
DA:141,0
DA:142,0
DA:143,0
DA:144,0
DA:145,0
DA:146,0
DA:151,1
DA:179,1
DA:180,1
DA:181,1
DA:182,1
DA:183,1
DA:184,1
DA:185,1
DA:186,1
DA:187,1
DA:188,1
DA:189,1
DA:190,1
DA:191,1
DA:192,1
DA:193,1
DA:194,1
DA:195,1
DA:196,1
DA:197,1
DA:198,1
DA:199,1
DA:200,1
DA:202,1
DA:204,1
DA:205,1
DA:206,1
DA:210,0
DA:212,0
DA:213,0
LF:124
LH:55
end_of_record
SF:lib/features/onboarding/presentation/screens/welcome_screen.dart
DA:5,1
DA:7,1
LF:2
LH:2
end_of_record
SF:lib/features/onboarding/presentation/screens/welcome_screen_variants.dart
DA:8,0
DA:10,0
DA:12,0
DA:13,0
DA:21,0
DA:22,0
DA:24,0
DA:26,0
DA:29,0
DA:32,0
DA:34,0
DA:35,0
DA:36,0
DA:37,0
DA:43,0
DA:44,0
DA:54,0
DA:56,0
DA:64,0
DA:66,0
DA:67,0
DA:73,0
DA:74,0
DA:75,0
DA:77,0
DA:78,0
DA:79,0
DA:84,0
DA:86,0
DA:90,0
DA:91,0
DA:94,0
DA:96,0
DA:103,0
DA:104,0
DA:105,0
DA:110,0
DA:112,0
DA:114,0
DA:133,0
DA:135,0
DA:137,0
DA:139,0
DA:140,0
DA:142,0
DA:144,0
DA:147,0
DA:150,0
DA:154,0
DA:155,0
DA:156,0
DA:157,0
DA:163,0
DA:164,0
DA:165,0
DA:175,0
DA:177,0
DA:185,0
DA:187,0
DA:188,0
DA:196,0
DA:197,0
DA:198,0
DA:200,0
DA:201,0
DA:202,0
DA:207,0
DA:209,0
DA:213,0
DA:214,0
DA:218,0
DA:220,0
DA:228,0
DA:230,0
DA:231,0
DA:232,0
DA:237,0
DA:239,0
DA:243,0
DA:244,0
DA:247,0
DA:249,0
DA:268,0
DA:270,0
DA:272,0
DA:273,0
DA:274,0
DA:275,0
DA:278,0
DA:281,0
DA:285,0
DA:286,0
DA:288,0
DA:289,0
DA:292,0
DA:295,0
DA:296,0
DA:297,0
DA:298,0
DA:299,0
DA:311,0
DA:313,0
DA:321,0
DA:323,0
DA:324,0
DA:332,0
DA:333,0
DA:334,0
DA:336,0
DA:337,0
DA:338,0
DA:343,0
DA:345,0
DA:349,0
DA:350,0
DA:354,0
DA:356,0
DA:364,0
DA:365,0
DA:366,0
DA:371,0
DA:373,0
DA:375,0
LF:123
LH:0
end_of_record
SF:lib/features/dashboard/presentation/screens/dashboard_variants.dart
DA:8,1
DA:10,1
DA:12,1
DA:13,1
DA:14,1
DA:15,1
DA:17,1
DA:19,1
DA:21,1
DA:23,1
DA:30,1
DA:31,1
DA:35,1
DA:36,1
DA:41,2
DA:43,1
DA:48,0
DA:50,1
DA:55,0
DA:57,1
DA:62,0
DA:64,1
DA:69,0
DA:71,1
DA:76,0
DA:88,1
DA:95,1
DA:97,1
DA:98,1
DA:100,1
DA:102,1
DA:103,1
DA:105,1
DA:107,1
DA:108,1
DA:110,1
DA:111,1
DA:112,1
DA:114,1
DA:121,1
DA:123,1
DA:135,1
DA:136,2
DA:140,1
DA:150,1
DA:152,1
DA:154,1
DA:156,1
DA:157,1
DA:159,1
DA:161,1
DA:163,1
DA:165,1
DA:172,1
DA:173,1
DA:174,1
DA:175,1
DA:181,0
DA:183,1
DA:189,0
DA:191,1
DA:197,0
DA:199,1
DA:205,0
DA:207,1
DA:213,0
DA:215,1
DA:221,0
DA:233,1
DA:241,1
DA:244,1
DA:245,1
DA:247,1
DA:249,1
DA:251,1
DA:252,1
DA:253,1
DA:255,1
DA:261,1
DA:263,1
DA:267,1
DA:269,1
DA:270,1
DA:273,1
DA:275,1
DA:282,0
DA:283,0
DA:287,0
DA:297,1
DA:299,1
DA:301,1
DA:302,1
DA:303,1
DA:304,1
DA:306,1
DA:308,1
DA:310,1
DA:312,1
DA:319,1
DA:320,1
DA:321,1
DA:322,1
DA:323,1
DA:330,0
DA:333,1
DA:334,1
DA:335,1
DA:336,1
DA:342,0
DA:346,1
DA:347,1
DA:353,0
DA:359,1
DA:366,0
DA:369,1
DA:370,1
DA:371,1
DA:372,1
DA:378,0
DA:382,1
DA:383,1
DA:389,0
DA:405,1
DA:414,1
DA:416,1
DA:417,1
DA:419,1
DA:421,1
DA:422,1
DA:424,1
DA:425,1
DA:426,1
DA:428,1
DA:429,1
DA:430,1
DA:432,1
DA:439,1
DA:440,1
DA:442,1
DA:443,1
DA:445,1
DA:450,1
DA:452,1
DA:453,1
DA:459,1
DA:461,1
DA:473,1
DA:481,1
DA:483,1
DA:484,1
DA:486,1
DA:488,1
DA:489,1
DA:491,1
DA:492,1
DA:493,1
DA:495,1
DA:496,1
DA:497,1
DA:499,1
DA:506,1
DA:508,1
DA:514,1
DA:516,1
DA:529,0
DA:530,0
DA:534,0
LF:167
LH:144
end_of_record
SF:lib/features/onboarding/presentation/screens/welcome_screen_simple.dart
DA:6,1
DA:8,1
DA:10,1
DA:11,1
DA:19,1
DA:20,1
DA:22,1
DA:24,1
DA:27,1
DA:30,1
DA:32,1
DA:33,1
DA:34,1
DA:35,1
DA:49,1
DA:51,1
DA:59,1
DA:61,1
DA:62,1
DA:68,1
DA:69,1
DA:70,1
DA:72,1
DA:73,0
DA:74,0
DA:76,1
DA:80,1
DA:81,1
DA:84,1
DA:86,1
DA:93,1
DA:94,0
DA:95,0
DA:97,1
DA:99,1
LF:35
LH:31
end_of_record
SF:lib/features/auth/domain/entities/user.dart
DA:40,1
DA:52,1
DA:53,1
DA:54,1
DA:55,1
DA:56,1
DA:57,2
DA:59,1
DA:60,2
DA:65,1
DA:66,1
DA:67,1
DA:68,1
DA:69,2
DA:70,2
DA:74,1
DA:77,4
DA:80,1
DA:81,2
DA:83,1
DA:85,3
LF:21
LH:21
end_of_record
SF:lib/features/dashboard/presentation/widgets/workout_progress_card.dart
DA:4,1
DA:6,1
DA:8,1
DA:9,1
DA:11,1
LF:5
LH:5
end_of_record
SF:lib/features/dashboard/presentation/widgets/recent_activity_card.dart
DA:4,1
DA:6,1
DA:8,1
DA:9,1
DA:11,1
LF:5
LH:5
end_of_record
SF:lib/features/dashboard/presentation/widgets/recommended_menu_card.dart
DA:4,1
DA:6,1
DA:8,1
DA:9,1
DA:11,1
LF:5
LH:5
end_of_record
SF:lib/features/dashboard/presentation/widgets/recommended_exercises_card.dart
DA:4,1
DA:6,1
DA:8,1
DA:9,1
DA:11,1
LF:5
LH:5
end_of_record
SF:lib/features/dashboard/presentation/widgets/weight_card.dart
DA:4,1
DA:6,1
DA:8,1
DA:9,1
DA:11,1
LF:5
LH:5
end_of_record
SF:lib/features/dashboard/presentation/widgets/sleep_card.dart
DA:4,1
DA:6,1
DA:8,1
DA:9,1
DA:11,1
LF:5
LH:5
end_of_record
SF:lib/features/dashboard/presentation/widgets/steps_card.dart
DA:4,1
DA:6,1
DA:8,1
DA:9,1
DA:11,1
LF:5
LH:5
end_of_record
SF:lib/features/dashboard/presentation/widgets/water_card.dart
DA:4,1
DA:6,1
DA:8,1
DA:9,1
DA:11,1
LF:5
LH:5
end_of_record
SF:lib/features/nutrition/presentation/widgets/barcode_scanner_button.dart
DA:6,1
DA:11,1
DA:13,1
DA:14,1
DA:15,2
DA:16,1
DA:18,1
DA:23,2
DA:28,1
DA:31,1
DA:33,2
DA:37,1
DA:38,1
DA:39,0
LF:14
LH:13
end_of_record
SF:lib/features/nutrition/presentation/widgets/food_item_card.dart
DA:12,1
DA:22,1
DA:24,1
DA:26,1
DA:28,1
DA:29,1
DA:31,1
DA:32,1
DA:33,1
DA:34,1
DA:36,1
DA:38,1
DA:40,1
DA:42,1
DA:44,1
DA:47,1
DA:48,1
DA:49,1
DA:51,2
DA:52,1
DA:53,1
DA:54,1
DA:55,2
DA:57,1
DA:58,1
DA:62,1
DA:68,1
DA:69,1
DA:71,1
DA:73,1
DA:74,2
DA:75,3
DA:82,3
DA:84,1
DA:85,2
DA:86,3
DA:87,1
DA:92,3
DA:94,1
DA:99,1
DA:100,2
DA:101,1
DA:103,1
DA:104,2
DA:105,3
DA:106,1
DA:116,2
DA:117,1
DA:118,1
DA:119,1
DA:120,0
DA:121,0
DA:122,0
DA:125,0
DA:127,0
DA:131,3
DA:133,1
DA:148,1
DA:149,1
DA:150,1
DA:151,1
DA:153,5
DA:158,1
DA:159,1
DA:161,5
DA:166,1
DA:167,1
DA:169,5
DA:171,1
DA:174,1
DA:175,1
DA:177,5
DA:186,2
DA:188,0
DA:189,0
DA:190,0
DA:191,0
DA:197,3
DA:199,1
DA:200,2
DA:201,3
DA:202,1
DA:215,1
DA:216,1
DA:219,1
DA:220,1
DA:221,1
DA:223,1
DA:225,1
DA:231,1
DA:233,1
DA:234,1
DA:235,1
DA:241,1
DA:243,1
DA:248,1
DA:250,1
DA:252,1
LF:98
LH:89
end_of_record
SF:lib/features/nutrition/domain/entities/food_item.dart
DA:23,1
DA:44,1
DA:45,3
DA:49,1
DA:50,3
DA:54,1
DA:55,3
DA:59,1
DA:60,3
DA:64,0
DA:65,0
DA:69,0
DA:70,0
DA:74,0
DA:75,0
DA:79,1
DA:82,0
DA:101,0
DA:102,0
DA:103,0
DA:104,0
DA:105,0
DA:106,0
DA:107,0
DA:108,0
DA:109,0
DA:110,0
DA:111,0
DA:112,0
DA:113,0
DA:114,0
DA:115,0
DA:116,0
DA:117,0
DA:118,0
DA:122,0
DA:123,0
DA:124,0
DA:125,0
DA:126,0
DA:127,0
DA:128,0
DA:129,0
DA:130,0
DA:131,0
DA:132,0
DA:133,0
DA:134,0
DA:135,0
DA:136,0
DA:137,0
DA:138,0
DA:139,0
DA:140,0
DA:143,0
DA:145,0
LF:56
LH:10
end_of_record
SF:lib/shared/design/utils/token_validator.dart
DA:13,1
DA:21,3
DA:24,3
DA:27,1
DA:28,1
DA:30,1
DA:31,1
DA:33,1
DA:36,2
DA:37,1
DA:38,2
DA:39,2
DA:43,2
DA:44,1
DA:45,2
DA:46,2
DA:50,2
DA:51,1
DA:52,2
DA:53,2
DA:57,1
DA:65,0
DA:68,1
DA:69,1
DA:70,1
DA:71,1
DA:76,2
DA:77,1
DA:78,3
DA:82,2
DA:83,1
DA:84,3
DA:88,2
DA:89,1
DA:90,3
DA:94,1
DA:95,2
DA:97,1
DA:100,1
DA:101,1
DA:109,1
DA:111,1
DA:112,1
DA:113,1
DA:117,1
DA:119,1
DA:120,1
DA:121,2
DA:122,1
DA:123,0
DA:124,0
DA:128,1
DA:129,1
DA:133,1
DA:134,1
DA:135,1
DA:136,2
DA:139,1
DA:140,1
DA:148,1
DA:150,1
DA:151,1
DA:152,1
DA:155,1
DA:156,2
DA:157,3
DA:158,2
DA:159,3
DA:164,1
DA:165,4
DA:166,4
DA:167,0
DA:172,1
DA:173,2
DA:174,3
DA:175,2
DA:176,3
DA:180,1
DA:181,1
DA:189,1
DA:190,1
DA:191,1
DA:192,1
DA:195,1
DA:196,2
DA:200,1
DA:201,2
DA:205,2
DA:206,1
DA:207,1
DA:210,1
DA:211,1
DA:219,1
DA:221,1
DA:222,1
DA:223,1
DA:226,1
DA:227,2
DA:231,1
DA:232,2
DA:235,1
DA:236,1
DA:244,1
DA:245,1
DA:246,1
DA:247,1
DA:250,1
DA:251,1
DA:252,1
DA:253,1
DA:254,1
DA:255,1
DA:256,1
DA:257,1
DA:258,1
DA:259,1
DA:260,1
DA:263,2
DA:264,1
DA:265,3
DA:266,5
DA:267,5
DA:271,1
DA:273,1
DA:274,1
DA:278,1
DA:279,1
DA:282,2
DA:284,1
DA:285,1
DA:290,2
DA:291,1
DA:292,5
DA:293,3
DA:294,3
DA:298,1
DA:299,1
DA:300,1
DA:301,1
DA:302,1
DA:303,1
DA:304,1
DA:305,1
DA:308,2
DA:309,1
DA:310,3
DA:311,3
DA:312,3
DA:316,1
DA:317,1
DA:318,1
DA:319,1
DA:320,1
DA:321,1
DA:322,1
DA:325,2
DA:326,1
DA:327,3
DA:328,3
DA:330,3
DA:334,1
DA:335,1
DA:336,1
DA:337,1
DA:338,1
DA:339,1
DA:342,2
DA:343,1
DA:344,3
DA:345,3
DA:347,3
DA:350,1
DA:351,1
DA:359,1
DA:360,1
DA:361,1
DA:362,1
DA:364,1
DA:365,1
DA:366,1
DA:368,1
DA:369,8
LF:182
LH:178
end_of_record
SF:lib/shared/design/utils/contrast_analyzer.dart
DA:7,0
DA:11,2
DA:12,2
DA:13,2
DA:15,2
DA:16,2
DA:18,6
DA:23,2
DA:24,4
DA:25,4
DA:26,4
DA:28,10
DA:32,2
DA:33,2
DA:35,2
DA:36,1
DA:38,8
DA:43,1
DA:44,2
DA:48,1
DA:49,2
DA:53,0
DA:54,0
DA:56,0
DA:58,0
DA:60,0
DA:68,0
DA:69,0
DA:70,0
DA:71,0
DA:72,0
DA:74,0
DA:85,0
DA:99,0
DA:100,0
DA:101,0
DA:102,0
DA:103,0
DA:104,0
DA:105,0
DA:119,0
DA:128,0
DA:130,0
DA:131,0
DA:132,0
DA:133,0
DA:134,0
LF:47
LH:20
end_of_record
SF:lib/features/meal_plan/presentation/screens/meal_details_screen.dart
DA:9,1
DA:15,2
DA:16,2
DA:23,2
DA:25,2
DA:26,2
DA:29,2
DA:31,2
DA:33,4
DA:35,4
DA:36,4
DA:46,2
DA:47,2
DA:48,2
DA:49,2
DA:50,2
DA:51,2
DA:52,2
DA:54,2
DA:62,2
DA:70,2
DA:74,2
DA:76,2
DA:77,2
DA:78,2
DA:79,2
DA:81,2
DA:82,4
DA:83,0
DA:84,0
DA:86,0
DA:87,0
DA:91,2
DA:93,2
DA:94,2
DA:100,2
DA:101,2
DA:102,4
DA:103,0
DA:107,2
DA:108,4
DA:109,0
DA:115,2
DA:117,2
DA:119,2
DA:121,2
DA:123,2
DA:127,2
DA:131,2
DA:135,2
DA:139,2
DA:143,2
DA:147,2
DA:151,2
DA:158,2
DA:159,2
DA:162,2
DA:163,2
DA:164,4
DA:166,2
DA:167,2
DA:168,2
DA:170,2
DA:172,2
DA:173,2
DA:174,2
DA:177,2
DA:178,6
DA:179,6
DA:190,2
DA:194,2
DA:196,2
DA:197,2
DA:200,2
DA:202,4
DA:214,2
DA:215,2
DA:217,2
DA:218,2
DA:219,4
DA:227,2
DA:228,2
DA:229,2
DA:231,2
DA:233,2
DA:235,2
DA:244,2
DA:245,2
DA:246,4
DA:247,2
DA:248,2
DA:249,4
DA:256,2
DA:257,2
DA:259,2
DA:260,4
DA:261,2
DA:262,2
DA:263,2
DA:264,2
DA:270,2
DA:272,2
DA:273,2
DA:275,6
DA:278,2
DA:280,6
DA:283,2
DA:285,4
DA:293,2
DA:294,2
DA:295,2
DA:296,6
DA:298,2
DA:300,2
DA:303,4
DA:306,2
DA:308,2
DA:310,4
DA:317,2
DA:318,2
DA:320,2
DA:321,2
DA:323,2
DA:326,4
DA:330,2
DA:332,2
DA:333,4
DA:334,2
DA:335,2
DA:336,2
DA:337,6
DA:343,2
DA:344,2
DA:345,8
DA:346,4
DA:347,8
DA:348,4
DA:349,8
DA:350,4
DA:351,2
DA:352,10
DA:353,8
DA:354,4
DA:355,2
DA:356,10
DA:364,2
DA:366,2
DA:368,2
DA:370,2
DA:371,2
DA:378,2
DA:379,2
DA:380,2
DA:382,2
DA:389,2
DA:391,2
DA:393,2
DA:403,2
DA:404,2
DA:406,2
DA:407,2
DA:409,2
DA:412,4
DA:416,2
DA:417,2
DA:418,4
DA:419,2
DA:420,2
DA:421,2
DA:422,6
DA:428,2
DA:430,8
DA:431,2
DA:432,2
DA:435,2
DA:436,4
DA:440,4
DA:441,2
DA:442,2
DA:443,2
DA:445,4
DA:450,2
DA:457,2
DA:458,2
DA:460,2
DA:461,2
DA:463,2
DA:466,4
DA:470,2
DA:471,2
DA:472,4
DA:473,2
DA:474,2
DA:475,2
DA:476,6
DA:482,2
DA:483,4
DA:484,2
DA:485,2
DA:486,4
DA:487,2
DA:488,2
DA:489,2
DA:490,2
DA:493,2
DA:494,4
DA:497,2
DA:498,2
DA:499,4
DA:508,2
DA:510,6
DA:513,2
DA:520,2
DA:521,2
DA:523,2
DA:524,2
DA:526,2
DA:529,4
DA:533,2
DA:535,2
DA:536,6
DA:537,2
DA:539,2
DA:540,8
DA:541,2
DA:543,2
DA:545,2
DA:546,2
DA:548,4
DA:552,2
DA:553,2
DA:555,2
DA:557,4
DA:564,2
DA:571,2
DA:572,2
DA:573,2
DA:574,2
DA:577,2
DA:578,1
DA:580,3
DA:584,2
DA:585,4
DA:586,4
DA:588,2
DA:589,2
DA:602,2
DA:605,2
DA:606,1
DA:608,3
DA:613,2
DA:614,4
DA:615,6
DA:616,2
DA:617,2
LF:255
LH:249
end_of_record
SF:lib/features/profile/presentation/screens/profile_settings_screen.dart
DA:8,2
DA:10,2
DA:11,2
DA:20,2
DA:22,2
DA:23,6
DA:26,2
DA:28,2
DA:29,2
DA:30,2
DA:31,2
DA:33,2
DA:35,4
DA:36,2
DA:39,2
DA:40,4
DA:41,1
DA:42,1
DA:46,2
DA:47,2
DA:49,2
DA:51,2
DA:53,2
DA:54,4
DA:55,2
DA:59,0
DA:61,0
DA:67,2
DA:71,0
DA:73,0
DA:84,2
DA:85,4
DA:86,2
DA:90,2
DA:91,0
DA:92,0
DA:93,0
DA:97,2
DA:101,2
DA:102,0
DA:103,0
DA:104,0
DA:108,2
DA:112,2
DA:113,0
DA:114,0
DA:115,0
DA:124,2
DA:125,4
DA:126,2
DA:127,2
DA:129,2
DA:132,2
DA:133,0
DA:134,0
DA:135,0
DA:139,0
DA:142,0
DA:143,0
DA:144,0
DA:145,0
DA:146,0
DA:148,0
DA:149,0
DA:159,2
DA:160,4
DA:161,2
DA:165,2
DA:168,2
DA:172,2
DA:180,2
DA:181,4
DA:182,2
DA:188,2
DA:192,0
DA:194,0
DA:201,2
DA:205,0
DA:207,0
DA:223,2
DA:224,2
DA:225,2
DA:226,2
DA:228,4
DA:229,4
DA:230,2
DA:236,2
DA:237,2
DA:238,2
DA:244,2
DA:251,2
DA:252,2
DA:254,8
DA:256,2
DA:258,4
DA:259,8
DA:260,2
DA:263,2
DA:265,4
DA:267,6
DA:268,4
DA:272,6
DA:278,2
DA:285,2
DA:286,2
DA:288,4
DA:290,2
DA:292,4
DA:293,4
DA:294,2
DA:297,2
DA:299,4
DA:300,4
DA:303,2
DA:306,4
DA:307,4
DA:308,4
DA:309,4
DA:314,0
DA:315,0
DA:316,0
DA:317,0
DA:318,0
DA:319,0
DA:320,0
DA:322,0
DA:323,0
DA:326,0
DA:328,0
DA:329,0
DA:332,0
DA:333,0
DA:334,0
DA:335,0
DA:337,0
DA:339,0
DA:340,0
DA:344,0
DA:345,0
DA:346,0
DA:348,0
DA:349,0
DA:350,0
DA:351,0
DA:352,0
DA:354,0
DA:356,0
DA:360,0
DA:362,0
DA:363,0
DA:373,0
DA:374,0
DA:375,0
DA:376,0
DA:377,0
DA:378,0
DA:379,0
DA:381,0
DA:382,0
DA:385,0
DA:387,0
DA:388,0
DA:391,0
DA:392,0
DA:393,0
DA:394,0
DA:396,0
DA:398,0
DA:399,0
DA:403,0
DA:404,0
DA:405,0
DA:407,0
DA:408,0
DA:409,0
DA:410,0
DA:411,0
DA:413,0
DA:415,0
DA:419,0
DA:421,0
DA:422,0
LF:182
LH:90
end_of_record
