SF:lib/features/meal_plan/presentation/screens/meal_plan_screen.dart
DA:8,3
DA:10,2
DA:11,2
DA:17,0
DA:18,0
DA:19,0
DA:23,2
DA:25,2
DA:27,2
DA:30,2
DA:31,2
DA:32,2
DA:34,2
DA:36,2
DA:44,2
DA:45,2
DA:46,2
DA:47,2
DA:48,6
DA:49,6
LF:20
LH:17
end_of_record
SF:lib/features/dashboard/presentation/screens/dashboard_screen.dart
DA:6,1
DA:8,0
DA:9,0
DA:15,0
DA:17,0
DA:18,0
DA:21,0
DA:22,0
DA:23,0
DA:24,0
DA:28,0
DA:29,0
DA:35,0
DA:40,0
DA:43,0
DA:44,0
DA:47,0
DA:48,0
DA:52,0
DA:55,0
DA:56,0
DA:60,0
DA:63,0
DA:64,0
DA:68,0
DA:71,0
DA:72,0
DA:76,0
DA:79,0
DA:80,0
DA:84,0
DA:87,0
DA:88,0
DA:89,0
DA:98,0
DA:103,0
DA:104,0
DA:105,0
DA:110,0
DA:112,0
DA:115,0
DA:116,0
DA:117,0
DA:119,0
DA:125,0
DA:126,0
DA:128,0
LF:47
LH:1
end_of_record
SF:lib/features/dashboard/presentation/widgets/meal_plan_card.dart
DA:5,0
DA:7,0
DA:9,0
DA:10,0
DA:11,0
DA:13,0
DA:14,0
DA:16,0
DA:17,0
DA:18,0
DA:19,0
DA:24,0
DA:26,0
DA:27,0
DA:28,0
DA:29,0
DA:30,0
DA:31,0
DA:33,0
DA:39,0
DA:40,0
DA:43,0
DA:44,0
DA:46,0
DA:51,0
DA:52,0
DA:53,0
DA:54,0
DA:55,0
DA:56,0
DA:58,0
LF:31
LH:0
end_of_record
SF:lib/features/meal_plan/presentation/widgets/top_bar.dart
DA:5,4
DA:7,2
DA:8,2
DA:16,0
DA:17,0
DA:18,0
DA:19,0
DA:21,0
DA:22,0
DA:23,0
DA:26,0
DA:27,0
DA:28,0
DA:29,0
DA:32,0
DA:33,0
DA:34,0
DA:47,0
DA:48,0
DA:49,0
DA:50,0
DA:51,0
DA:53,0
DA:55,0
DA:64,0
DA:65,0
DA:66,0
DA:67,0
DA:69,0
DA:70,0
DA:71,0
DA:74,0
DA:75,0
DA:76,0
DA:77,0
DA:80,0
DA:81,0
DA:82,0
DA:95,0
DA:96,0
DA:97,0
DA:98,0
DA:99,0
DA:101,0
DA:103,0
DA:112,0
DA:113,0
DA:114,0
DA:115,0
DA:117,0
DA:118,0
DA:119,0
DA:122,0
DA:123,0
DA:124,0
DA:125,0
DA:128,0
DA:129,0
DA:130,0
DA:137,0
DA:138,0
DA:139,0
DA:140,0
DA:141,0
DA:143,0
DA:145,0
DA:154,2
DA:156,2
DA:158,2
DA:159,2
DA:160,2
DA:161,2
DA:162,2
DA:163,2
DA:164,2
DA:165,4
DA:170,2
DA:171,2
DA:172,2
DA:173,2
DA:174,2
DA:175,2
DA:176,4
DA:181,2
DA:182,2
DA:183,2
DA:184,2
DA:185,2
DA:186,2
DA:187,2
DA:189,2
DA:190,6
DA:192,2
DA:194,2
DA:195,2
DA:196,2
DA:197,2
DA:198,4
DA:202,2
DA:203,4
DA:209,2
DA:210,4
DA:211,2
DA:212,4
DA:213,2
DA:214,2
DA:216,2
LF:107
LH:44
end_of_record
SF:lib/features/meal_plan/presentation/widgets/meal_type_toggle.dart
DA:7,4
DA:9,2
DA:10,2
DA:21,2
DA:23,2
DA:24,2
DA:25,2
DA:26,2
DA:27,2
DA:28,2
DA:30,2
DA:31,4
DA:32,8
DA:33,2
DA:34,2
DA:35,0
DA:36,2
DA:37,2
DA:38,2
DA:39,2
DA:40,2
DA:42,2
DA:43,2
DA:45,2
DA:48,4
DA:54,2
LF:26
LH:25
end_of_record
SF:lib/features/meal_plan/presentation/widgets/meal_plan_grid.dart
DA:6,4
DA:8,2
DA:10,2
DA:11,2
DA:13,6
LF:5
LH:5
end_of_record
SF:lib/features/meal_plan/presentation/widgets/meal_card.dart
DA:8,4
DA:10,2
DA:12,2
DA:13,0
DA:14,0
DA:16,2
DA:19,2
DA:20,2
DA:21,2
DA:22,6
DA:24,2
DA:25,2
DA:27,2
DA:30,2
DA:31,2
DA:32,4
DA:34,2
DA:37,2
DA:38,2
DA:39,2
DA:40,2
DA:43,2
DA:44,2
DA:45,2
DA:46,2
DA:48,2
DA:52,2
DA:53,2
DA:54,2
DA:55,2
DA:58,2
DA:68,2
DA:69,2
DA:70,2
DA:82,0
DA:83,0
DA:87,0
DA:88,0
DA:89,0
DA:91,0
DA:93,0
DA:94,0
DA:95,0
DA:98,0
DA:99,0
DA:100,0
DA:101,0
DA:104,0
DA:107,0
DA:108,0
DA:109,0
DA:110,0
DA:112,0
DA:114,0
DA:115,0
DA:116,0
DA:118,0
DA:119,0
DA:120,0
DA:121,0
DA:123,0
DA:124,0
DA:126,0
DA:128,0
DA:129,0
DA:130,0
DA:131,0
DA:132,0
DA:133,0
DA:134,0
DA:136,0
DA:137,0
DA:138,0
DA:141,0
DA:142,0
DA:144,0
DA:160,0
DA:162,0
DA:164,0
DA:165,0
DA:166,0
DA:168,0
DA:169,0
DA:170,0
LF:84
LH:32
end_of_record
SF:lib/features/meal_plan/presentation/widgets/meal_day_column.dart
DA:8,4
DA:17,2
DA:19,2
DA:20,2
DA:21,2
DA:23,2
DA:24,8
DA:26,2
DA:28,2
DA:30,2
DA:32,2
DA:33,2
DA:34,2
DA:35,4
DA:37,2
DA:39,2
DA:40,2
DA:41,4
DA:42,2
DA:43,2
DA:48,2
DA:49,2
DA:50,4
DA:51,2
DA:54,2
DA:61,2
DA:62,2
DA:63,2
DA:70,2
DA:71,2
DA:72,2
DA:73,2
DA:76,4
DA:78,0
DA:79,0
DA:82,0
DA:84,0
DA:85,0
DA:88,0
DA:90,0
DA:91,0
DA:94,0
DA:97,0
DA:100,0
LF:44
LH:33
end_of_record
SF:lib/features/calendar/presentation/screens/calendar_screen.dart
DA:7,2
DA:9,1
DA:10,1
DA:20,1
DA:22,1
DA:23,1
DA:26,1
DA:27,2
DA:28,1
DA:29,1
DA:32,1
DA:33,0
DA:34,0
DA:35,0
DA:38,2
DA:39,2
DA:40,1
DA:45,0
DA:46,0
DA:47,0
DA:48,0
DA:49,0
DA:50,0
DA:53,0
DA:54,0
DA:55,0
DA:56,0
DA:57,0
DA:63,0
DA:69,0
DA:72,0
DA:77,0
DA:80,0
DA:81,0
DA:82,0
DA:83,0
DA:87,0
DA:88,0
DA:89,0
DA:94,0
DA:99,0
DA:101,0
DA:103,0
DA:104,0
DA:106,0
DA:114,0
DA:115,0
DA:121,0
DA:122,0
DA:124,0
DA:125,0
DA:126,0
DA:127,0
DA:128,0
DA:129,0
DA:130,0
DA:136,0
DA:137,0
DA:138,0
DA:140,0
DA:153,0
DA:154,0
DA:155,0
DA:157,0
DA:158,0
DA:163,0
DA:168,0
DA:170,0
DA:172,0
DA:173,0
DA:175,0
DA:183,0
DA:184,0
DA:190,0
DA:191,0
DA:193,0
DA:194,0
DA:195,0
DA:196,0
DA:197,0
DA:198,0
DA:204,0
DA:205,0
DA:206,0
DA:208,0
DA:211,0
DA:221,1
DA:223,1
DA:225,1
DA:228,1
DA:230,1
DA:231,1
DA:242,1
DA:243,1
DA:245,0
DA:249,1
DA:250,1
DA:252,1
DA:253,4
DA:254,0
DA:256,0
DA:258,0
DA:261,0
DA:262,0
DA:263,0
DA:264,0
DA:267,0
DA:272,0
DA:273,0
DA:276,0
DA:281,0
DA:282,0
DA:285,0
DA:293,0
DA:294,0
DA:296,0
DA:298,0
DA:299,0
DA:300,0
DA:302,0
DA:304,0
DA:305,0
DA:307,0
DA:309,0
DA:310,0
DA:311,0
DA:312,0
DA:313,0
DA:316,0
DA:329,0
DA:331,0
DA:332,0
DA:333,0
DA:335,0
DA:337,0
DA:338,0
DA:340,0
DA:342,0
DA:343,0
DA:344,0
DA:345,0
DA:348,0
DA:359,0
DA:360,0
DA:362,0
DA:364,0
DA:366,0
DA:375,0
DA:377,0
DA:378,0
DA:379,0
DA:385,0
DA:391,0
DA:401,0
DA:402,0
DA:403,0
DA:404,0
DA:405,0
DA:418,0
DA:419,0
DA:420,0
DA:422,0
DA:423,0
DA:424,0
DA:425,0
DA:426,0
DA:427,0
DA:428,0
DA:429,0
DA:432,0
DA:434,0
DA:472,0
DA:487,0
DA:494,0
DA:496,0
DA:498,0
DA:500,0
DA:501,0
DA:502,0
DA:503,0
DA:509,0
DA:510,0
DA:511,0
DA:513,0
DA:514,0
DA:515,0
DA:517,0
DA:520,0
DA:521,0
DA:529,0
DA:530,0
DA:532,0
DA:534,0
DA:549,0
DA:555,0
DA:557,0
DA:559,0
DA:560,0
DA:561,0
DA:563,0
DA:565,0
DA:566,0
DA:567,0
DA:568,0
DA:572,0
DA:573,0
DA:574,0
DA:575,0
DA:576,0
DA:595,0
DA:602,0
DA:604,0
DA:606,0
DA:608,0
DA:609,0
DA:610,0
DA:611,0
DA:617,0
DA:618,0
DA:619,0
DA:621,0
DA:622,0
DA:624,0
DA:626,0
DA:629,0
DA:634,0
DA:637,0
DA:639,0
DA:641,0
DA:643,0
DA:645,0
DA:647,0
DA:648,0
DA:649,0
DA:652,0
DA:655,0
DA:657,0
DA:661,0
DA:662,0
DA:664,0
DA:665,0
DA:666,0
DA:669,0
DA:670,0
DA:671,0
DA:673,0
DA:676,0
DA:678,0
DA:679,0
DA:680,0
DA:681,0
DA:688,0
DA:690,0
DA:693,0
DA:695,0
DA:723,0
DA:733,0
DA:735,0
DA:737,0
DA:739,0
DA:740,0
DA:741,0
DA:742,0
DA:748,0
DA:750,0
DA:751,0
DA:753,0
DA:754,0
DA:755,0
DA:757,0
DA:758,0
DA:759,0
DA:760,0
DA:767,0
DA:768,0
DA:776,0
DA:778,0
DA:780,0
DA:782,0
DA:784,0
DA:785,0
DA:786,0
DA:787,0
DA:789,0
DA:790,0
DA:791,0
DA:793,0
DA:799,0
DA:801,0
DA:802,0
DA:803,0
DA:804,0
DA:808,0
DA:809,0
DA:815,0
DA:816,0
DA:817,0
DA:819,0
DA:821,0
DA:822,0
DA:839,0
DA:844,0
DA:846,0
DA:847,0
DA:848,0
DA:849,0
DA:851,0
DA:854,0
DA:855,0
DA:856,0
DA:857,0
DA:859,0
DA:871,1
DA:873,0
DA:875,0
DA:876,0
DA:877,0
DA:878,0
DA:883,0
DA:884,0
DA:896,1
DA:901,0
DA:903,0
DA:904,0
DA:905,0
DA:906,0
LF:326
LH:28
end_of_record
SF:lib/features/notifications/presentation/screens/notifications_screen.dart
DA:4,2
DA:6,1
DA:8,1
DA:10,1
DA:13,1
DA:15,1
DA:16,1
DA:22,1
DA:23,1
DA:25,1
DA:27,1
DA:28,1
DA:30,4
DA:35,1
DA:36,1
DA:37,1
DA:38,1
DA:45,1
DA:52,1
DA:59,1
DA:76,1
DA:83,1
DA:85,1
DA:86,1
DA:87,1
DA:88,1
DA:90,1
DA:94,1
DA:96,1
DA:97,1
DA:99,1
DA:101,1
DA:102,1
DA:108,1
DA:110,0
LF:35
LH:34
end_of_record
SF:lib/app.dart
DA:10,0
DA:12,0
DA:13,0
DA:19,0
DA:25,0
DA:26,0
DA:27,0
DA:29,0
DA:30,0
DA:35,0
DA:36,0
DA:38,0
DA:39,0
DA:41,0
DA:42,0
DA:43,0
DA:44,0
DA:45,0
DA:46,0
DA:47,0
DA:49,0
DA:53,0
DA:54,0
DA:55,0
DA:56,0
DA:57,0
DA:58,0
DA:60,0
DA:70,0
DA:72,0
DA:75,0
DA:77,0
DA:80,0
DA:81,0
DA:82,0
DA:87,0
DA:88,0
DA:89,0
DA:90,0
DA:93,0
DA:97,0
DA:98,0
DA:99,0
DA:101,0
DA:120,0
DA:121,0
DA:123,0
DA:124,0
DA:125,0
DA:126,0
DA:127,0
DA:128,0
DA:129,0
DA:132,0
DA:133,0
DA:144,0
DA:145,0
DA:153,0
DA:155,0
DA:156,0
DA:157,0
DA:158,0
DA:159,0
DA:161,0
DA:162,0
DA:164,0
DA:165,0
DA:166,0
DA:167,0
DA:169,0
DA:170,0
DA:172,0
DA:173,0
DA:174,0
DA:175,0
DA:176,0
DA:177,0
LF:77
LH:0
end_of_record
SF:lib/features/menu/presentation/screens/healthy_menu_screen.dart
DA:8,1
DA:10,0
DA:11,0
DA:18,0
DA:20,0
DA:21,0
DA:24,0
DA:25,0
DA:26,0
DA:30,0
DA:31,0
DA:32,0
DA:33,0
DA:36,0
DA:37,0
DA:41,0
DA:43,0
DA:44,0
DA:46,0
DA:47,0
DA:49,0
DA:53,0
DA:55,0
DA:61,0
DA:62,0
DA:63,0
DA:64,0
DA:67,0
DA:68,0
DA:70,0
DA:74,0
DA:75,0
DA:77,0
DA:78,0
DA:79,0
DA:84,0
DA:85,0
LF:37
LH:1
end_of_record
SF:lib/features/grocery_list/presentation/screens/grocery_list_screen.dart
DA:5,1
DA:7,0
DA:9,0
DA:10,0
DA:17,0
DA:18,0
DA:20,0
DA:22,0
DA:24,0
DA:31,0
DA:38,0
DA:46,0
DA:50,0
DA:54,0
DA:58,0
DA:62,0
DA:66,0
DA:70,0
DA:74,0
DA:89,0
DA:91,0
DA:93,0
DA:95,0
DA:97,0
DA:98,0
DA:99,0
DA:100,0
DA:102,0
DA:106,0
DA:108,0
DA:109,0
DA:110,0
DA:111,0
DA:112,0
DA:115,0
DA:118,0
DA:119,0
DA:121,0
DA:122,0
DA:123,0
DA:127,0
DA:128,0
LF:42
LH:1
end_of_record
SF:lib/features/calendar/data/calendar_service.dart
DA:7,0
DA:9,0
DA:10,0
DA:11,0
DA:12,0
DA:15,0
DA:16,0
DA:19,0
DA:20,0
LF:9
LH:0
end_of_record
SF:lib/features/calendar/data/models/calendar_event.dart
DA:9,0
DA:18,0
DA:19,0
DA:20,0
DA:21,0
DA:22,0
DA:23,0
DA:24,0
DA:25,0
LF:9
LH:0
end_of_record
SF:lib/features/menu/data/models/ingredient.dart
DA:9,0
DA:16,0
DA:17,0
DA:18,0
DA:19,0
DA:20,0
DA:21,0
DA:25,0
DA:26,0
DA:27,0
DA:28,0
DA:29,0
DA:30,0
LF:13
LH:0
end_of_record
SF:lib/features/menu/data/models/nutrition_info.dart
DA:7,0
DA:14,0
DA:15,0
DA:16,0
DA:17,0
DA:18,0
DA:19,0
DA:23,0
DA:24,0
DA:25,0
DA:26,0
DA:27,0
DA:28,0
LF:13
LH:0
end_of_record
SF:lib/features/menu/data/models/menu_item.dart
DA:18,0
DA:31,0
DA:32,0
DA:33,0
DA:34,0
DA:35,0
DA:36,0
DA:37,0
DA:38,0
DA:39,0
DA:40,0
DA:41,0
DA:42,0
DA:46,0
DA:47,0
DA:48,0
DA:49,0
DA:50,0
DA:51,0
DA:52,0
DA:53,0
DA:54,0
DA:55,0
DA:56,0
DA:57,0
LF:25
LH:0
end_of_record
SF:lib/features/menu/data/models/recipe_step.dart
DA:6,0
DA:12,0
DA:13,0
DA:14,0
DA:15,0
DA:16,0
DA:20,0
DA:21,0
DA:22,0
DA:23,0
DA:24,0
LF:11
LH:0
end_of_record
SF:lib/features/menu/data/models/recipe_photo.dart
DA:10,0
DA:15,0
DA:17,0
DA:18,0
DA:19,0
DA:20,0
DA:21,0
DA:25,0
DA:26,0
DA:27,0
DA:28,0
DA:29,0
LF:12
LH:0
end_of_record
SF:lib/features/menu/data/models/nutrition_facts.dart
DA:12,0
DA:24,0
DA:25,0
DA:26,0
DA:27,0
DA:28,0
DA:29,0
DA:30,0
DA:31,0
DA:32,0
DA:33,0
DA:34,0
DA:38,0
DA:39,0
DA:40,0
DA:41,0
DA:42,0
DA:43,0
DA:44,0
DA:45,0
DA:46,0
DA:47,0
DA:48,0
LF:23
LH:0
end_of_record
SF:lib/features/menu/data/services/recipe_service.dart
DA:9,0
DA:11,0
DA:14,0
DA:15,0
DA:18,0
DA:19,0
DA:23,0
DA:25,0
DA:26,0
DA:27,0
DA:28,0
DA:29,0
DA:30,0
DA:34,0
DA:35,0
DA:38,0
DA:41,0
DA:43,0
DA:44,0
DA:45,0
DA:49,0
DA:50,0
DA:51,0
DA:52,0
DA:54,0
DA:55,0
DA:56,0
DA:57,0
DA:58,0
DA:59,0
DA:64,0
DA:65,0
DA:67,0
DA:70,0
DA:72,0
DA:73,0
DA:76,0
DA:78,0
DA:79,0
DA:81,0
DA:83,0
DA:85,0
DA:89,0
LF:43
LH:0
end_of_record
SF:lib/features/menu/presentation/screens/add_edit_recipe_screen.dart
DA:19,1
DA:21,0
DA:22,0
DA:40,0
DA:42,0
DA:43,0
DA:44,0
DA:45,0
DA:46,0
DA:47,0
DA:48,0
DA:49,0
DA:50,0
DA:51,0
DA:52,0
DA:56,0
DA:57,0
DA:58,0
DA:59,0
DA:60,0
DA:62,0
DA:63,0
DA:65,0
DA:66,0
DA:69,0
DA:70,0
DA:71,0
DA:74,0
DA:77,0
DA:78,0
DA:79,0
DA:89,0
DA:91,0
DA:99,0
DA:100,0
DA:101,0
DA:102,0
DA:104,0
DA:109,0
DA:110,0
DA:115,0
DA:116,0
DA:117,0
DA:118,0
DA:119,0
DA:120,0
DA:121,0
DA:122,0
DA:129,0
DA:130,0
DA:131,0
DA:132,0
DA:133,0
DA:134,0
DA:135,0
DA:136,0
DA:143,0
DA:144,0
DA:145,0
DA:152,0
DA:154,0
DA:155,0
DA:156,0
DA:157,0
DA:158,0
DA:160,0
DA:161,0
DA:175,0
DA:176,0
DA:177,0
DA:178,0
DA:179,0
DA:180,0
DA:181,0
DA:182,0
DA:183,0
DA:184,0
DA:185,0
DA:186,0
DA:191,0
DA:192,0
DA:193,0
DA:194,0
DA:196,0
DA:197,0
DA:201,0
DA:202,0
DA:203,0
DA:206,0
DA:207,0
DA:208,0
DA:209,0
DA:210,0
DA:211,0
DA:212,0
DA:213,0
DA:214,0
DA:215,0
DA:218,0
DA:220,0
DA:221,0
DA:224,0
DA:225,0
DA:228,0
DA:229,0
DA:231,0
DA:234,0
DA:235,0
DA:238,0
DA:241,0
DA:247,0
DA:249,0
DA:250,0
DA:251,0
DA:252,0
DA:253,0
DA:255,0
DA:260,0
DA:261,0
DA:262,0
DA:263,0
DA:265,0
DA:267,0
DA:269,0
DA:271,0
DA:272,0
DA:273,0
DA:274,0
DA:278,0
DA:279,0
DA:281,0
DA:285,0
DA:286,0
DA:292,0
DA:293,0
DA:294,0
DA:295,0
DA:296,0
DA:297,0
DA:299,0
DA:303,0
DA:304,0
DA:305,0
DA:306,0
DA:307,0
DA:308,0
DA:310,0
DA:314,0
DA:316,0
DA:317,0
DA:318,0
DA:320,0
DA:324,0
DA:325,0
DA:327,0
DA:329,0
DA:331,0
DA:332,0
DA:333,0
DA:335,0
DA:339,0
DA:340,0
DA:341,0
DA:343,0
DA:345,0
DA:346,0
DA:347,0
DA:348,0
DA:349,0
DA:350,0
DA:352,0
DA:355,0
DA:356,0
DA:357,0
LF:174
LH:1
end_of_record
SF:lib/features/menu/presentation/widgets/ingredient_dialog.dart
DA:7,0
DA:9,0
DA:10,0
DA:23,0
DA:25,0
DA:26,0
DA:27,0
DA:28,0
DA:29,0
DA:30,0
DA:31,0
DA:32,0
DA:35,0
DA:36,0
DA:37,0
DA:38,0
DA:39,0
DA:40,0
DA:41,0
DA:42,0
DA:43,0
DA:44,0
DA:45,0
DA:48,0
DA:49,0
DA:53,0
DA:55,0
DA:57,0
DA:58,0
DA:59,0
DA:60,0
DA:62,0
DA:63,0
DA:64,0
DA:66,0
DA:68,0
DA:69,0
DA:72,0
DA:74,0
DA:75,0
DA:77,0
DA:80,0
DA:81,0
DA:82,0
DA:86,0
DA:87,0
DA:91,0
DA:92,0
DA:96,0
DA:97,0
DA:105,0
DA:106,0
DA:107,0
DA:110,0
DA:111,0
LF:55
LH:0
end_of_record
SF:lib/features/menu/presentation/widgets/step_dialog.dart
DA:10,0
DA:12,0
DA:13,0
DA:22,0
DA:23,0
DA:25,0
DA:26,0
DA:31,0
DA:32,0
DA:33,0
DA:34,0
DA:35,0
DA:36,0
DA:38,0
DA:39,0
DA:43,0
DA:45,0
DA:46,0
DA:47,0
DA:48,0
DA:49,0
DA:50,0
DA:52,0
DA:53,0
DA:54,0
DA:57,0
DA:60,0
DA:61,0
DA:62,0
DA:64,0
DA:66,0
DA:67,0
DA:77,0
DA:78,0
DA:79,0
DA:82,0
DA:83,0
LF:37
LH:0
end_of_record
SF:lib/features/menu/presentation/widgets/photos_carousel.dart
DA:12,0
DA:17,0
DA:19,0
DA:21,0
DA:23,0
DA:25,0
DA:26,0
DA:28,0
DA:30,0
DA:31,0
DA:35,0
DA:36,0
DA:37,0
DA:43,0
DA:44,0
DA:45,0
DA:46,0
DA:47,0
DA:48,0
DA:49,0
DA:50,0
DA:54,0
DA:55,0
DA:56,0
DA:60,0
DA:61,0
DA:62,0
DA:63,0
DA:64,0
DA:65,0
DA:67,0
DA:70,0
DA:73,0
DA:75,0
DA:82,0
LF:35
LH:0
end_of_record
SF:lib/features/menu/presentation/widgets/preview_recipe_modal.dart
DA:18,0
DA:28,0
DA:30,0
DA:32,0
DA:34,0
DA:35,0
DA:37,0
DA:39,0
DA:41,0
DA:42,0
DA:43,0
DA:44,0
DA:45,0
DA:46,0
DA:47,0
DA:50,0
DA:52,0
DA:53,0
DA:54,0
DA:56,0
DA:58,0
DA:59,0
DA:61,0
DA:63,0
DA:65,0
DA:66,0
DA:67,0
DA:69,0
DA:70,0
DA:71,0
DA:73,0
DA:74,0
DA:76,0
DA:78,0
DA:79,0
DA:81,0
DA:82,0
DA:83,0
DA:85,0
DA:90,0
DA:92,0
DA:93,0
DA:95,0
DA:96,0
DA:97,0
DA:98,0
DA:99,0
DA:100,0
DA:103,0
DA:104,0
DA:106,0
DA:107,0
LF:52
LH:0
end_of_record
SF:lib/features/menu/presentation/widgets/menu_item_card.dart
DA:7,0
DA:9,0
DA:11,0
DA:12,0
DA:13,0
DA:15,0
DA:16,0
DA:20,0
DA:23,0
DA:24,0
DA:26,0
DA:27,0
DA:28,0
DA:29,0
DA:33,0
DA:36,0
DA:38,0
DA:40,0
DA:41,0
DA:43,0
DA:45,0
DA:46,0
DA:47,0
DA:49,0
LF:24
LH:0
end_of_record
SF:lib/features/menu/presentation/screens/recipe_details_screen.dart
DA:8,0
DA:10,0
DA:11,0
DA:18,0
DA:20,0
DA:21,0
DA:24,0
DA:25,0
DA:26,0
DA:27,0
DA:29,0
DA:31,0
DA:37,0
DA:38,0
DA:39,0
DA:40,0
DA:43,0
DA:44,0
DA:45,0
DA:50,0
DA:52,0
DA:53,0
DA:55,0
DA:56,0
DA:62,0
DA:64,0
DA:65,0
DA:66,0
DA:67,0
DA:68,0
DA:70,0
DA:72,0
DA:74,0
DA:78,0
DA:80,0
DA:82,0
DA:84,0
DA:85,0
DA:87,0
DA:88,0
DA:89,0
DA:90,0
DA:91,0
DA:92,0
DA:93,0
DA:94,0
DA:96,0
DA:103,0
DA:105,0
DA:106,0
DA:107,0
DA:108,0
DA:109,0
DA:111,0
DA:114,0
DA:116,0
DA:117,0
DA:119,0
DA:120,0
DA:121,0
DA:123,0
DA:124,0
DA:125,0
DA:126,0
DA:127,0
DA:128,0
DA:131,0
DA:133,0
DA:134,0
DA:135,0
DA:136,0
DA:137,0
LF:72
LH:0
end_of_record
